<?xml version="1.0" encoding="UTF-8"?>
<!-- Generated by org.testng.reporters.JUnitXMLReporter -->
<testsuite ignored="0" hostname="LT-LE-mahmed" failures="0" tests="2" name="End to End Framework Test" time="76.546" errors="0" timestamp="2024-06-11T12:49:14 PKT">
  <testcase classname="org.MuhammadAhmad.eCommerce_tc_4_Hybrid" name="FillForm" time="29.308"/>
  <testcase classname="org.MuhammadAhmad.eCommerce_tc_4_Hybrid" name="FillForm" time="28.096"/>
</testsuite> <!-- End to End Framework Test -->
