<?xml version="1.0" encoding="UTF-8"?>
<!-- Generated by org.testng.reporters.JUnitXMLReporter -->
<testsuite ignored="0" hostname="LT-LE-mahmed" failures="1" tests="2" name="Error Validation Test" time="20.28" errors="0" timestamp="2024-06-03T17:12:13 PKT">
  <testcase classname="org.MuhammadAhmad.eCommerce_tc_1" name="FillForm_ErrorValidation" time="10.156"/>
  <testcase classname="org.MuhammadAhmad.eCommerce_tc_1" name="FillForm_PositiveFlow" time="0.006">
    <failure type="org.openqa.selenium.NoSuchSessionException" message="Session ID is null. Using WebDriver after calling quit()?
Build info: version: &amp;apos;4.21.0&amp;apos;, revision: &amp;apos;79ed462ef4&amp;apos;
System info: os.name: &amp;apos;Windows 11&amp;apos;, os.arch: &amp;apos;amd64&amp;apos;, os.version: &amp;apos;10.0&amp;apos;, java.version: &amp;apos;11.0.23&amp;apos;
Driver info: io.appium.java_client.android.AndroidDriver
Command: [null, findElement {using=id, value=com.androidsample.generalstore:id/nameField}]
Capabilities {appium:app: C:\Users\m.ahmad\eclipse-wo..., appium:appPackage: com.androidsample.generalstore, appium:automationName: UIAutomator2, appium:databaseEnabled: false, appium:desired: {app: C:\Users\m.ahmad\eclipse-wo..., automationName: UIAutomator2, deviceName: Pixel_3a_API_33_x86_64, platformName: android}, appium:deviceApiLevel: 33, appium:deviceManufacturer: Google, appium:deviceModel: sdk_gphone_x86_64, appium:deviceName: emulator-5554, appium:deviceScreenDensity: 440, appium:deviceScreenSize: 1080x2220, appium:deviceUDID: emulator-5554, appium:javascriptEnabled: true, appium:locationContextEnabled: false, appium:networkConnectionEnabled: true, appium:pixelRatio: 2.75, appium:platformVersion: 13, appium:statBarHeight: 66, appium:takesScreenshot: true, appium:viewportRect: {height: 2088, left: 0, top: 66, width: 1080}, appium:warnings: {}, appium:webStorageEnabled: false, platformName: ANDROID}">
      <![CDATA[org.openqa.selenium.NoSuchSessionException: Session ID is null. Using WebDriver after calling quit()?
Build info: version: '4.21.0', revision: '79ed462ef4'
System info: os.name: 'Windows 11', os.arch: 'amd64', os.version: '10.0', java.version: '11.0.23'
Driver info: io.appium.java_client.android.AndroidDriver
Command: [null, findElement {using=id, value=com.androidsample.generalstore:id/nameField}]
Capabilities {appium:app: C:\Users\m.ahmad\eclipse-wo..., appium:appPackage: com.androidsample.generalstore, appium:automationName: UIAutomator2, appium:databaseEnabled: false, appium:desired: {app: C:\Users\m.ahmad\eclipse-wo..., automationName: UIAutomator2, deviceName: Pixel_3a_API_33_x86_64, platformName: android}, appium:deviceApiLevel: 33, appium:deviceManufacturer: Google, appium:deviceModel: sdk_gphone_x86_64, appium:deviceName: emulator-5554, appium:deviceScreenDensity: 440, appium:deviceScreenSize: 1080x2220, appium:deviceUDID: emulator-5554, appium:javascriptEnabled: true, appium:locationContextEnabled: false, appium:networkConnectionEnabled: true, appium:pixelRatio: 2.75, appium:platformVersion: 13, appium:statBarHeight: 66, appium:takesScreenshot: true, appium:viewportRect: {height: 2088, left: 0, top: 66, width: 1080}, appium:warnings: {}, appium:webStorageEnabled: false, platformName: ANDROID}
at org.openqa.selenium.remote.HttpCommandExecutor.execute(HttpCommandExecutor.java:145)
at io.appium.java_client.remote.AppiumCommandExecutor.execute(AppiumCommandExecutor.java:262)
at org.openqa.selenium.remote.RemoteWebDriver.execute(RemoteWebDriver.java:543)
at org.openqa.selenium.remote.ElementLocation$ElementFinder$2.findElement(ElementLocation.java:162)
at org.openqa.selenium.remote.ElementLocation.findElement(ElementLocation.java:60)
at org.openqa.selenium.remote.RemoteWebDriver.findElement(RemoteWebDriver.java:352)
at org.openqa.selenium.remote.RemoteWebDriver.findElement(RemoteWebDriver.java:344)
at org.MuhammadAhmad.eCommerce_tc_1.FillForm_PositiveFlow(eCommerce_tc_1.java:44)
at java.base/java.util.ArrayList.forEach(ArrayList.java:1541)
... Removed 27 stack frames]]>
    </failure>
  </testcase> <!-- FillForm_PositiveFlow -->
</testsuite> <!-- Error Validation Test -->
