<?xml version="1.0" encoding="UTF-8"?>
<!-- Generated by org.testng.reporters.JUnitXMLReporter -->
<testsuite ignored="2" hostname="LT-LE-mahmed" failures="0" tests="0" time="0.001" errors="0" timestamp="2024-06-11T12:49:14 PKT">
  <testcase classname="org.MuhammadAhmad.eCommerce_tc_1" name="FillForm_PositiveFlow" time="0.0">
    <ignored/>
  </testcase> <!-- FillForm_PositiveFlow -->
  <testcase classname="org.MuhammadAhmad.eCommerce_tc_1" name="FillForm_ErrorValidation" time="0.0">
    <ignored/>
  </testcase> <!-- FillForm_ErrorValidation -->
</testsuite>
