<?xml version="1.0" encoding="UTF-8"?>
<!-- Generated by org.testng.reporters.JUnitXMLReporter -->
<testsuite ignored="0" hostname="LT-LE-mahmed" failures="0" tests="2" name="End to End Framework Test" time="71.101" errors="0" timestamp="2024-06-11T17:04:49 PKT">
  <testcase classname="org.MuhammadAhmad.eCommerce_tc_4_Hybrid" name="FillForm" time="28.333"/>
  <testcase classname="org.MuhammadAhmad.eCommerce_tc_4_Hybrid" name="FillForm" time="27.135"/>
</testsuite> <!-- End to End Framework Test -->
