<?xml version="1.0" encoding="UTF-8"?>
<!-- Generated by org.testng.reporters.JUnitXMLReporter -->
<testsuite ignored="0" hostname="LT-LE-mahmed" failures="0" tests="2" name="Error Validations Test" time="43.195" errors="0" timestamp="2024-06-11T17:05:33 PKT">
  <testcase classname="org.MuhammadAhmad.eCommerce_tc_1" name="FillForm_ErrorValidation" time="10.115"/>
  <testcase classname="org.MuhammadAhmad.eCommerce_tc_1" name="FillForm_PositiveFlow" time="20.043"/>
</testsuite> <!-- Error Validations Test -->
