<?xml version="1.0" encoding="UTF-8"?>
<testsuite xmlns:xsi="http://www.w3.org/2001/XMLSchema-instance" xsi:noNamespaceSchemaLocation="https://maven.apache.org/surefire/maven-surefire-plugin/xsd/surefire-test-report-3.0.xsd" version="3.0" name="TestSuite" time="115.183" tests="4" errors="0" skipped="0" failures="0">
  <properties>
[...]
</properties>
  <testcase name="FillForm[{name=Muhammad Ahmad, country=Argentina, gender=female}](1)" classname="org.MuhammadAhmad.eCommerce_tc_4_Hybrid" time="28.337">
    <system-out><![CDATA[&amp#27;[35m[Appium]&amp#27;[39m Welcome to Appium v2.0.0-beta.66
&amp#27;[35m[Appium]&amp#27;[39m Attempting to load driver uiautomator2...
[debug] &amp#27;[35m[Appium]&amp#27;[39m Requiring driver at C:\Users\m.ahmad\.appium\node_modules\appium-uiautomator2-driver
&amp#27;[35m[Appium]&amp#27;[39m Appium REST http interface listener started on 0.0.0.0:4723
&amp#27;[35m[Appium]&amp#27;[39m Available drivers:
&amp#27;[35m[Appium]&amp#27;[39m   - uiautomator2@2.24.1 (automationName 'UiAutomator2')
&amp#27;[35m[Appium]&amp#27;[39m No plugins have been installed. Use the "appium plugin" command to install the one(s) you want to use.
&amp#27;[38;5;0m[HTTP]&amp#27;[0m &amp#27;[37m-->&amp#27;[39m &amp#27;[37mGET&amp#27;[39m &amp#27;[37m/status&amp#27;[39m
&amp#27;[38;5;0m[HTTP]&amp#27;[0m &amp#27;[90m{}&amp#27;[39m
[debug] &amp#27;[38;5;16m[AppiumDriver@d70b]&amp#27;[0m Calling AppiumDriver.getStatus() with args: []
[debug] &amp#27;[38;5;16m[AppiumDriver@d70b]&amp#27;[0m Responding to client with driver.getStatus() result: {"build":{"version":"2.0.0-beta.66"}}
&amp#27;[38;5;0m[HTTP]&amp#27;[0m &amp#27;[37m<-- GET /status &amp#27;[39m&amp#27;[32m200&amp#27;[39m &amp#27;[90m7 ms - 47&amp#27;[39m
&amp#27;[38;5;0m[HTTP]&amp#27;[0m &amp#27;[90m&amp#27;[39m
[debug] &amp#27;[38;5;0m[HTTP]&amp#27;[0m Request idempotency key: 69236722-2add-44e0-95b0-f1c2ce829956
&amp#27;[38;5;0m[HTTP]&amp#27;[0m &amp#27;[37m-->&amp#27;[39m &amp#27;[37mPOST&amp#27;[39m &amp#27;[37m/session&amp#27;[39m
&amp#27;[38;5;0m[HTTP]&amp#27;[0m &amp#27;[90m{"capabilities":{"firstMatch":[{}],"alwaysMatch":{"appium:app":"C:\\Users\\m.ahmad\\eclipse-workspace\\AppiumFrameworkDesign\\src\\test\\java\\org\\MuhammadAhmad\\resources\\General-Store.apk","appium:automationName":"UIAutomator2","appium:deviceName":"Pixel 3a API 31","platformName":"android"}}}&amp#27;[39m
[debug] &amp#27;[38;5;16m[AppiumDriver@d70b]&amp#27;[0m Calling AppiumDriver.createSession() with args: [null,null,{"firstMatch":[{}],"alwaysMatch":{"appium:app":"C:\\Users\\m.ahmad\\eclipse-workspace\\AppiumFrameworkDesign\\src\\test\\java\\org\\MuhammadAhmad\\resources\\General-Store.apk","appium:automationName":"UIAutomator2","appium:deviceName":"Pixel 3a API 31","platformName":"android"}}]
[debug] &amp#27;[38;5;16m[AppiumDriver@d70b]&amp#27;[0m Event 'newSessionRequested' logged at 1718107423905 (17:03:43 GMT+0500 (Pakistan Standard Time))
&amp#27;[35m[Appium]&amp#27;[39m Attempting to find matching driver for automationName 'UIAutomator2' and platformName 'android'
&amp#27;[35m[Appium]&amp#27;[39m The 'uiautomator2' driver was installed and matched caps.
&amp#27;[35m[Appium]&amp#27;[39m Will require it at C:\Users\m.ahmad\.appium\node_modules\appium-uiautomator2-driver
[debug] &amp#27;[35m[Appium]&amp#27;[39m Requiring driver at C:\Users\m.ahmad\.appium\node_modules\appium-uiautomator2-driver
&amp#27;[38;5;16m[AppiumDriver@d70b]&amp#27;[0m Appium v2.0.0-beta.66 creating new AndroidUiautomator2Driver (v2.24.1) session
&amp#27;[38;5;16m[AppiumDriver@d70b]&amp#27;[0m Checking BaseDriver versions for Appium and AndroidUiautomator2Driver
&amp#27;[38;5;16m[AppiumDriver@d70b]&amp#27;[0m Appium's BaseDriver version is 9.3.7
&amp#27;[38;5;16m[AppiumDriver@d70b]&amp#27;[0m AndroidUiautomator2Driver's BaseDriver version is 9.3.7
[debug] &amp#27;[38;5;32m[AndroidUiautomator2Driver@ea86]&amp#27;[0m Creating session with W3C capabilities: {
[debug] &amp#27;[38;5;32m[AndroidUiautomator2Driver@ea86]&amp#27;[0m   "alwaysMatch": {
[debug] &amp#27;[38;5;32m[AndroidUiautomator2Driver@ea86]&amp#27;[0m     "platformName": "android",
[debug] &amp#27;[38;5;32m[AndroidUiautomator2Driver@ea86]&amp#27;[0m     "appium:app": "C:\\Users\\m.ahmad\\eclipse-workspace\\AppiumFrameworkDesign\\src\\test\\java\\org\\MuhammadAhmad\\resources\\General-Store.apk",
[debug] &amp#27;[38;5;32m[AndroidUiautomator2Driver@ea86]&amp#27;[0m     "appium:automationName": "UIAutomator2",
[debug] &amp#27;[38;5;32m[AndroidUiautomator2Driver@ea86]&amp#27;[0m     "appium:deviceName": "Pixel 3a API 31"
[debug] &amp#27;[38;5;32m[AndroidUiautomator2Driver@ea86]&amp#27;[0m   },
[debug] &amp#27;[38;5;32m[AndroidUiautomator2Driver@ea86]&amp#27;[0m   "firstMatch": [
[debug] &amp#27;[38;5;32m[AndroidUiautomator2Driver@ea86]&amp#27;[0m     {}
[debug] &amp#27;[38;5;32m[AndroidUiautomator2Driver@ea86]&amp#27;[0m   ]
[debug] &amp#27;[38;5;32m[AndroidUiautomator2Driver@ea86]&amp#27;[0m }
&amp#27;[38;5;32m[AndroidUiautomator2Driver@ea86 (632147ce)]&amp#27;[0m Session created with session id: 632147ce-e1be-4fa6-a1d2-7d3a53bf8ff7
&amp#27;[38;5;48m[BaseDriver]&amp#27;[0m Using local app 'C:\Users\m.ahmad\eclipse-workspace\AppiumFrameworkDesign\src\test\java\org\MuhammadAhmad\resources\General-Store.apk'
[debug] &amp#27;[38;5;32m[AndroidUiautomator2Driver@ea86 (632147ce)]&amp#27;[0m Checking whether app is actually present
&amp#27;[38;5;64m[ADB]&amp#27;[0m Found 4 'build-tools' folders under 'C:\Users\m.ahmad\AppData\Local\Android\Sdk' (newest first):
&amp#27;[38;5;64m[ADB]&amp#27;[0m     C:/Users/m.ahmad/AppData/Local/Android/Sdk/build-tools/35.0.0-rc4
&amp#27;[38;5;64m[ADB]&amp#27;[0m     C:/Users/m.ahmad/AppData/Local/Android/Sdk/build-tools/34.0.0
&amp#27;[38;5;64m[ADB]&amp#27;[0m     C:/Users/m.ahmad/AppData/Local/Android/Sdk/build-tools/33.0.2
&amp#27;[38;5;64m[ADB]&amp#27;[0m     C:/Users/m.ahmad/AppData/Local/Android/Sdk/build-tools/30.0.3
&amp#27;[38;5;64m[ADB]&amp#27;[0m Using 'adb.exe' from 'C:\Users\m.ahmad\AppData\Local\Android\Sdk\platform-tools\adb.exe'
[debug] &amp#27;[38;5;64m[ADB]&amp#27;[0m Running 'C:\Users\m.ahmad\AppData\Local\Android\Sdk\platform-tools\adb.exe -P 5037 start-server'
&amp#27;[38;5;80m[AndroidDriver]&amp#27;[0m Retrieving device list
[debug] &amp#27;[38;5;64m[ADB]&amp#27;[0m Trying to find a connected android device
[debug] &amp#27;[38;5;64m[ADB]&amp#27;[0m Getting connected devices
[debug] &amp#27;[38;5;64m[ADB]&amp#27;[0m Connected devices: [{"udid":"emulator-5554","state":"device"}]
&amp#27;[38;5;80m[AndroidDriver]&amp#27;[0m Using device: emulator-5554
&amp#27;[38;5;64m[ADB]&amp#27;[0m Using 'adb.exe' from 'C:\Users\m.ahmad\AppData\Local\Android\Sdk\platform-tools\adb.exe'
[debug] &amp#27;[38;5;64m[ADB]&amp#27;[0m Running 'C:\Users\m.ahmad\AppData\Local\Android\Sdk\platform-tools\adb.exe -P 5037 start-server'
[debug] &amp#27;[38;5;64m[ADB]&amp#27;[0m Setting device id to emulator-5554
[debug] &amp#27;[38;5;64m[ADB]&amp#27;[0m Running 'C:\Users\m.ahmad\AppData\Local\Android\Sdk\platform-tools\adb.exe -P 5037 -s emulator-5554 shell getprop ro.build.version.sdk'
[debug] &amp#27;[38;5;64m[ADB]&amp#27;[0m Current device property 'ro.build.version.sdk': 31
&amp#27;[38;5;64m[ADB]&amp#27;[0m Getting device platform version
[debug] &amp#27;[38;5;64m[ADB]&amp#27;[0m Running 'C:\Users\m.ahmad\AppData\Local\Android\Sdk\platform-tools\adb.exe -P 5037 -s emulator-5554 shell getprop ro.build.version.release'
[debug] &amp#27;[38;5;64m[ADB]&amp#27;[0m Current device property 'ro.build.version.release': 12
[debug] &amp#27;[38;5;64m[ADB]&amp#27;[0m Device API level: 31
&amp#27;[38;5;32m[AndroidUiautomator2Driver@ea86 (632147ce)]&amp#27;[0m Relaxing hidden api policy
[debug] &amp#27;[38;5;64m[ADB]&amp#27;[0m Running 'C:\Users\m.ahmad\AppData\Local\Android\Sdk\platform-tools\adb.exe -P 5037 -s emulator-5554 shell 'settings put global hidden_api_policy_pre_p_apps 1;settings put global hidden_api_policy_p_apps 1;settings put global hidden_api_policy 1''
[debug] &amp#27;[38;5;80m[AndroidDriver]&amp#27;[0m Parsing package and activity from app manifest
&amp#27;[38;5;64m[ADB]&amp#27;[0m Package name: 'com.androidsample.generalstore'
&amp#27;[38;5;64m[ADB]&amp#27;[0m Main activity name: 'com.androidsample.generalstore.SplashActivity'
[debug] &amp#27;[38;5;80m[AndroidDriver]&amp#27;[0m Parsed package and activity are: com.androidsample.generalstore/com.androidsample.generalstore.SplashActivity
[debug] &amp#27;[38;5;64m[ADB]&amp#27;[0m Running 'C:\Users\m.ahmad\AppData\Local\Android\Sdk\platform-tools\adb.exe -P 5037 -s emulator-5554 wait-for-device'
[debug] &amp#27;[38;5;64m[ADB]&amp#27;[0m Running 'C:\Users\m.ahmad\AppData\Local\Android\Sdk\platform-tools\adb.exe -P 5037 -s emulator-5554 shell echo ping'
[debug] &amp#27;[38;5;80m[AndroidDriver]&amp#27;[0m Pushing settings apk to device...
[debug] &amp#27;[38;5;64m[ADB]&amp#27;[0m Getting install status for io.appium.settings
[debug] &amp#27;[38;5;64m[ADB]&amp#27;[0m Running 'C:\Users\m.ahmad\AppData\Local\Android\Sdk\platform-tools\adb.exe -P 5037 -s emulator-5554 shell dumpsys package io.appium.settings'
[debug] &amp#27;[38;5;64m[ADB]&amp#27;[0m 'io.appium.settings' is installed
[debug] &amp#27;[38;5;64m[ADB]&amp#27;[0m Getting package info for 'io.appium.settings'
[debug] &amp#27;[38;5;64m[ADB]&amp#27;[0m Running 'C:\Users\m.ahmad\AppData\Local\Android\Sdk\platform-tools\adb.exe -P 5037 -s emulator-5554 shell dumpsys package io.appium.settings'
[debug] &amp#27;[38;5;64m[ADB]&amp#27;[0m The version name of the installed 'io.appium.settings' is greater or equal to the application version name ('5.0.3' >= '5.0.3')
[debug] &amp#27;[38;5;64m[ADB]&amp#27;[0m There is no need to install/upgrade 'C:\Users\m.ahmad\.appium\node_modules\appium-uiautomator2-driver\node_modules\io.appium.settings\apks\settings_apk-debug.apk'
[debug] &amp#27;[38;5;64m[ADB]&amp#27;[0m Getting IDs of all 'io.appium.settings' processes
[debug] &amp#27;[38;5;64m[ADB]&amp#27;[0m Running 'C:\Users\m.ahmad\AppData\Local\Android\Sdk\platform-tools\adb.exe -P 5037 -s emulator-5554 shell 'pgrep --help; echo $?''
[debug] &amp#27;[38;5;64m[ADB]&amp#27;[0m Running 'C:\Users\m.ahmad\AppData\Local\Android\Sdk\platform-tools\adb.exe -P 5037 -s emulator-5554 shell pgrep -f \(\[\[:blank:\]\]\|\^\)io\.appium\.settings\(\[\[:blank:\]\]\|\$\)'
[debug] &amp#27;[38;5;80m[AndroidDriver]&amp#27;[0m io.appium.settings is already running. There is no need to reset its permissions.
[debug] &amp#27;[38;5;96m[Logcat]&amp#27;[0m Starting logs capture with command: C:\\Users\\m.ahmad\\AppData\\Local\\Android\\Sdk\\platform-tools\\adb.exe -P 5037 -s emulator-5554 logcat -v threadtime
[debug] &amp#27;[38;5;32m[AndroidUiautomator2Driver@ea86 (632147ce)]&amp#27;[0m Forwarding UiAutomator2 Server port 6790 to local port 8200
[debug] &amp#27;[38;5;64m[ADB]&amp#27;[0m Forwarding system: 8200 to device: 6790
[debug] &amp#27;[38;5;64m[ADB]&amp#27;[0m Running 'C:\Users\m.ahmad\AppData\Local\Android\Sdk\platform-tools\adb.exe -P 5037 -s emulator-5554 forward tcp:8200 tcp:6790'
[debug] &amp#27;[38;5;64m[ADB]&amp#27;[0m Getting install status for io.appium.uiautomator2.server
[debug] &amp#27;[38;5;64m[ADB]&amp#27;[0m Running 'C:\Users\m.ahmad\AppData\Local\Android\Sdk\platform-tools\adb.exe -P 5037 -s emulator-5554 shell dumpsys package io.appium.uiautomator2.server'
[debug] &amp#27;[38;5;64m[ADB]&amp#27;[0m 'io.appium.uiautomator2.server' is installed
[debug] &amp#27;[38;5;64m[ADB]&amp#27;[0m Getting package info for 'io.appium.uiautomator2.server'
[debug] &amp#27;[38;5;64m[ADB]&amp#27;[0m Running 'C:\Users\m.ahmad\AppData\Local\Android\Sdk\platform-tools\adb.exe -P 5037 -s emulator-5554 shell dumpsys package io.appium.uiautomator2.server'
[debug] &amp#27;[38;5;64m[ADB]&amp#27;[0m The version name of the installed 'io.appium.uiautomator2.server' is greater or equal to the application version name ('5.8.2' >= '5.8.2')
[debug] &amp#27;[38;5;32m[AndroidUiautomator2Driver@ea86 (632147ce)]&amp#27;[0m io.appium.uiautomator2.server installation state: sameVersionInstalled
[debug] &amp#27;[38;5;64m[ADB]&amp#27;[0m Checking app cert for C:\Users\m.ahmad\.appium\node_modules\appium-uiautomator2-driver\node_modules\appium-uiautomator2-server\apks\appium-uiautomator2-server-v5.8.2.apk
&amp#27;[38;5;64m[ADB]&amp#27;[0m Using 'apksigner.jar' from 'C:\Users\m.ahmad\AppData\Local\Android\Sdk\build-tools\35.0.0-rc4\lib\apksigner.jar'
[debug] &amp#27;[38;5;64m[ADB]&amp#27;[0m Starting apksigner: 'C:\\Program Files\\Java\\jdk-11\\bin\\java.exe' -Xmx1024M -Xss1m -jar C:\\Users\\m.ahmad\\AppData\\Local\\Android\\Sdk\\build-tools\\35.0.0-rc4\\lib\\apksigner.jar verify --print-certs C:\\Users\\m.ahmad\\.appium\\node_modules\\appium-uiautomator2-driver\\node_modules\\appium-uiautomator2-server\\apks\\appium-uiautomator2-server-v5.8.2.apk
[debug] &amp#27;[38;5;64m[ADB]&amp#27;[0m apksigner stdout: Signer #1 certificate DN: EMAILADDRESS=android@android.com, CN=Android, OU=Android, O=Android, L=Mountain View, ST=California, C=US
[debug] &amp#27;[38;5;64m[ADB]&amp#27;[0m Signer #1 certificate SHA-256 digest: a40da80a59d170caa950cf15c18c454d47a39b26989d8b640ecd745ba71bf5dc
[debug] &amp#27;[38;5;64m[ADB]&amp#27;[0m Signer #1 certificate SHA-1 digest: 61ed377e85d386a8dfee6b864bd85b0bfaa5af81
[debug] &amp#27;[38;5;64m[ADB]&amp#27;[0m Signer #1 certificate MD5 digest: e89b158e4bcf988ebd09eb83f5378e87
[debug] &amp#27;[38;5;64m[ADB]&amp#27;[0m 
[debug] &amp#27;[38;5;64m[ADB]&amp#27;[0m sha256 hash did match for 'appium-uiautomator2-server-v5.8.2.apk'
&amp#27;[38;5;64m[ADB]&amp#27;[0m 'C:\Users\m.ahmad\.appium\node_modules\appium-uiautomator2-driver\node_modules\appium-uiautomator2-server\apks\appium-uiautomator2-server-v5.8.2.apk' is signed with the default certificate
[debug] &amp#27;[38;5;64m[ADB]&amp#27;[0m Getting install status for io.appium.uiautomator2.server.test
[debug] &amp#27;[38;5;64m[ADB]&amp#27;[0m Running 'C:\Users\m.ahmad\AppData\Local\Android\Sdk\platform-tools\adb.exe -P 5037 -s emulator-5554 shell dumpsys package io.appium.uiautomator2.server.test'
[debug] &amp#27;[38;5;64m[ADB]&amp#27;[0m 'io.appium.uiautomator2.server.test' is installed
[debug] &amp#27;[38;5;64m[ADB]&amp#27;[0m Checking app cert for C:\Users\m.ahmad\.appium\node_modules\appium-uiautomator2-driver\node_modules\appium-uiautomator2-server\apks\appium-uiautomator2-server-debug-androidTest.apk
[debug] &amp#27;[38;5;64m[ADB]&amp#27;[0m Starting apksigner: 'C:\\Program Files\\Java\\jdk-11\\bin\\java.exe' -Xmx1024M -Xss1m -jar C:\\Users\\m.ahmad\\AppData\\Local\\Android\\Sdk\\build-tools\\35.0.0-rc4\\lib\\apksigner.jar verify --print-certs C:\\Users\\m.ahmad\\.appium\\node_modules\\appium-uiautomator2-driver\\node_modules\\appium-uiautomator2-server\\apks\\appium-uiautomator2-server-debug-androidTest.apk
[debug] &amp#27;[38;5;64m[ADB]&amp#27;[0m apksigner stdout: Signer #1 certificate DN: EMAILADDRESS=android@android.com, CN=Android, OU=Android, O=Android, L=Mountain View, ST=California, C=US
[debug] &amp#27;[38;5;64m[ADB]&amp#27;[0m Signer #1 certificate SHA-256 digest: a40da80a59d170caa950cf15c18c454d47a39b26989d8b640ecd745ba71bf5dc
[debug] &amp#27;[38;5;64m[ADB]&amp#27;[0m Signer #1 certificate SHA-1 digest: 61ed377e85d386a8dfee6b864bd85b0bfaa5af81
[debug] &amp#27;[38;5;64m[ADB]&amp#27;[0m Signer #1 certificate MD5 digest: e89b158e4bcf988ebd09eb83f5378e87
[debug] &amp#27;[38;5;64m[ADB]&amp#27;[0m 
[debug] &amp#27;[38;5;64m[ADB]&amp#27;[0m sha256 hash did match for 'appium-uiautomator2-server-debug-androidTest.apk'
&amp#27;[38;5;64m[ADB]&amp#27;[0m 'C:\Users\m.ahmad\.appium\node_modules\appium-uiautomator2-driver\node_modules\appium-uiautomator2-server\apks\appium-uiautomator2-server-debug-androidTest.apk' is signed with the default certificate
&amp#27;[38;5;32m[AndroidUiautomator2Driver@ea86 (632147ce)]&amp#27;[0m Server packages are not going to be (re)installed
[debug] &amp#27;[38;5;32m[AndroidUiautomator2Driver@ea86 (632147ce)]&amp#27;[0m Waiting up to 30000ms for services to be available
[debug] &amp#27;[38;5;64m[ADB]&amp#27;[0m Running 'C:\Users\m.ahmad\AppData\Local\Android\Sdk\platform-tools\adb.exe -P 5037 -s emulator-5554 shell pm list instrumentation'
[debug] &amp#27;[38;5;32m[AndroidUiautomator2Driver@ea86 (632147ce)]&amp#27;[0m Instrumentation target 'io.appium.uiautomator2.server.test/androidx.test.runner.AndroidJUnitRunner' is available
&amp#27;[38;5;64m[ADB]&amp#27;[0m Adding packages ["io.appium.settings","io.appium.uiautomator2.server","io.appium.uiautomator2.server.test"] to Doze whitelist
[debug] &amp#27;[38;5;64m[ADB]&amp#27;[0m Got the following command chunks to execute: [["dumpsys","deviceidle","whitelist","+io.appium.settings",";","dumpsys","deviceidle","whitelist","+io.appium.uiautomator2.server",";","dumpsys","deviceidle","whitelist","+io.appium.uiautomator2.server.test",";"]]
[debug] &amp#27;[38;5;64m[ADB]&amp#27;[0m Running 'C:\Users\m.ahmad\AppData\Local\Android\Sdk\platform-tools\adb.exe -P 5037 -s emulator-5554 shell dumpsys deviceidle whitelist +io.appium.settings ; dumpsys deviceidle whitelist +io.appium.uiautomator2.server ; dumpsys deviceidle whitelist +io.appium.uiautomator2.server.test ;'
[debug] &amp#27;[38;5;64m[ADB]&amp#27;[0m Checking app cert for C:\Users\m.ahmad\eclipse-workspace\AppiumFrameworkDesign\src\test\java\org\MuhammadAhmad\resources\General-Store.apk
[debug] &amp#27;[38;5;64m[ADB]&amp#27;[0m Starting apksigner: 'C:\\Program Files\\Java\\jdk-11\\bin\\java.exe' -Xmx1024M -Xss1m -jar C:\\Users\\m.ahmad\\AppData\\Local\\Android\\Sdk\\build-tools\\35.0.0-rc4\\lib\\apksigner.jar verify --print-certs C:\\Users\\m.ahmad\\eclipse-workspace\\AppiumFrameworkDesign\\src\\test\\java\\org\\MuhammadAhmad\\resources\\General-Store.apk
[debug] &amp#27;[38;5;64m[ADB]&amp#27;[0m apksigner stdout: Signer #1 certificate DN: EMAILADDRESS=android@android.com, CN=Android, OU=Android, O=Android, L=Mountain View, ST=California, C=US
[debug] &amp#27;[38;5;64m[ADB]&amp#27;[0m Signer #1 certificate SHA-256 digest: a40da80a59d170caa950cf15c18c454d47a39b26989d8b640ecd745ba71bf5dc
[debug] &amp#27;[38;5;64m[ADB]&amp#27;[0m Signer #1 certificate SHA-1 digest: 61ed377e85d386a8dfee6b864bd85b0bfaa5af81
[debug] &amp#27;[38;5;64m[ADB]&amp#27;[0m Signer #1 certificate MD5 digest: e89b158e4bcf988ebd09eb83f5378e87
[debug] &amp#27;[38;5;64m[ADB]&amp#27;[0m 
[debug] &amp#27;[38;5;64m[ADB]&amp#27;[0m sha256 hash did match for 'General-Store.apk'
&amp#27;[38;5;64m[ADB]&amp#27;[0m 'C:\Users\m.ahmad\eclipse-workspace\AppiumFrameworkDesign\src\test\java\org\MuhammadAhmad\resources\General-Store.apk' is signed with the default certificate
[debug] &amp#27;[38;5;64m[ADB]&amp#27;[0m Getting install status for com.androidsample.generalstore
[debug] &amp#27;[38;5;64m[ADB]&amp#27;[0m Running 'C:\Users\m.ahmad\AppData\Local\Android\Sdk\platform-tools\adb.exe -P 5037 -s emulator-5554 shell dumpsys package com.androidsample.generalstore'
[debug] &amp#27;[38;5;64m[ADB]&amp#27;[0m 'com.androidsample.generalstore' is installed
[debug] &amp#27;[38;5;64m[ADB]&amp#27;[0m Getting package info for 'com.androidsample.generalstore'
[debug] &amp#27;[38;5;64m[ADB]&amp#27;[0m Running 'C:\Users\m.ahmad\AppData\Local\Android\Sdk\platform-tools\adb.exe -P 5037 -s emulator-5554 shell dumpsys package com.androidsample.generalstore'
[debug] &amp#27;[38;5;64m[ADB]&amp#27;[0m The version name of the installed 'com.androidsample.generalstore' is greater or equal to the application version name ('1.0.0' >= '1.0.0')
[debug] &amp#27;[38;5;64m[ADB]&amp#27;[0m There is no need to install/upgrade 'C:\Users\m.ahmad\eclipse-workspace\AppiumFrameworkDesign\src\test\java\org\MuhammadAhmad\resources\General-Store.apk'
&amp#27;[38;5;80m[AndroidDriver]&amp#27;[0m Performing fast reset on 'com.androidsample.generalstore'
[debug] &amp#27;[38;5;64m[ADB]&amp#27;[0m Getting install status for com.androidsample.generalstore
[debug] &amp#27;[38;5;64m[ADB]&amp#27;[0m Running 'C:\Users\m.ahmad\AppData\Local\Android\Sdk\platform-tools\adb.exe -P 5037 -s emulator-5554 shell dumpsys package com.androidsample.generalstore'
[debug] &amp#27;[38;5;64m[ADB]&amp#27;[0m 'com.androidsample.generalstore' is installed
[debug] &amp#27;[38;5;64m[ADB]&amp#27;[0m Running 'C:\Users\m.ahmad\AppData\Local\Android\Sdk\platform-tools\adb.exe -P 5037 -s emulator-5554 shell am force-stop com.androidsample.generalstore'
[debug] &amp#27;[38;5;64m[ADB]&amp#27;[0m Running 'C:\Users\m.ahmad\AppData\Local\Android\Sdk\platform-tools\adb.exe -P 5037 -s emulator-5554 shell pm clear com.androidsample.generalstore'
[debug] &amp#27;[38;5;80m[AndroidDriver]&amp#27;[0m Performed fast reset on the installed 'com.androidsample.generalstore' application (stop and clear)
[debug] &amp#27;[38;5;32m[AndroidUiautomator2Driver@ea86 (632147ce)]&amp#27;[0m Performing shallow cleanup of automation leftovers
[debug] &amp#27;[38;5;32m[AndroidUiautomator2Driver@ea86 (632147ce)]&amp#27;[0m The following obsolete sessions are still running: ["8008ac85-a04f-4464-9718-1e0b45294f4d"]
[debug] &amp#27;[38;5;32m[AndroidUiautomator2Driver@ea86 (632147ce)]&amp#27;[0m Cleaning up 1 obsolete session
[debug] &amp#27;[38;5;64m[ADB]&amp#27;[0m Running 'C:\Users\m.ahmad\AppData\Local\Android\Sdk\platform-tools\adb.exe -P 5037 -s emulator-5554 shell am force-stop io.appium.uiautomator2.server.test'
&amp#27;[38;5;32m[AndroidUiautomator2Driver@ea86 (632147ce)]&amp#27;[0m Starting UIAutomator2 server 5.8.2
&amp#27;[38;5;32m[AndroidUiautomator2Driver@ea86 (632147ce)]&amp#27;[0m Using UIAutomator2 server from 'C:\Users\m.ahmad\.appium\node_modules\appium-uiautomator2-driver\node_modules\appium-uiautomator2-server\apks\appium-uiautomator2-server-v5.8.2.apk' and test from 'C:\Users\m.ahmad\.appium\node_modules\appium-uiautomator2-driver\node_modules\appium-uiautomator2-server\apks\appium-uiautomator2-server-debug-androidTest.apk'
&amp#27;[38;5;32m[AndroidUiautomator2Driver@ea86 (632147ce)]&amp#27;[0m Waiting up to 30000ms for UiAutomator2 to be online...
[debug] &amp#27;[38;5;64m[ADB]&amp#27;[0m Creating ADB subprocess with args: ["-P",5037,"-s","emulator-5554","shell","am","instrument","-w","-e","disableAnalytics",true,"io.appium.uiautomator2.server.test/androidx.test.runner.AndroidJUnitRunner"]
[debug] &amp#27;[38;5;32m[AndroidUiautomator2Driver@ea86 (632147ce)]&amp#27;[0m Matched '/status' to command name 'getStatus'
[debug] &amp#27;[38;5;32m[AndroidUiautomator2Driver@ea86 (632147ce)]&amp#27;[0m Proxying [GET /status] to [GET http://127.0.0.1:8200/status] with no body
&amp#27;[38;5;32m[AndroidUiautomator2Driver@ea86 (632147ce)]&amp#27;[0m socket hang up
[debug] &amp#27;[38;5;112m[Instrumentation]&amp#27;[0m io.appium.uiautomator2.server.test.AppiumUiAutomator2Server:
[debug] &amp#27;[38;5;32m[AndroidUiautomator2Driver@ea86 (632147ce)]&amp#27;[0m Matched '/status' to command name 'getStatus'
[debug] &amp#27;[38;5;32m[AndroidUiautomator2Driver@ea86 (632147ce)]&amp#27;[0m Proxying [GET /status] to [GET http://127.0.0.1:8200/status] with no body
&amp#27;[38;5;32m[AndroidUiautomator2Driver@ea86 (632147ce)]&amp#27;[0m socket hang up
[debug] &amp#27;[38;5;32m[AndroidUiautomator2Driver@ea86 (632147ce)]&amp#27;[0m Matched '/status' to command name 'getStatus'
[debug] &amp#27;[38;5;32m[AndroidUiautomator2Driver@ea86 (632147ce)]&amp#27;[0m Proxying [GET /status] to [GET http://127.0.0.1:8200/status] with no body
[debug] &amp#27;[38;5;32m[AndroidUiautomator2Driver@ea86 (632147ce)]&amp#27;[0m Got response with status 200: {"sessionId":"None","value":{"message":"UiAutomator2 Server is ready to accept commands","ready":true}}
[debug] &amp#27;[38;5;32m[AndroidUiautomator2Driver@ea86 (632147ce)]&amp#27;[0m The initialization of the instrumentation process took 2219ms
[debug] &amp#27;[38;5;32m[AndroidUiautomator2Driver@ea86 (632147ce)]&amp#27;[0m Matched '/session' to command name 'createSession'
[debug] &amp#27;[38;5;32m[AndroidUiautomator2Driver@ea86 (632147ce)]&amp#27;[0m Proxying [POST /session] to [POST http://127.0.0.1:8200/session] with body: {"capabilities":{"firstMatch":[{"platform":"LINUX","webStorageEnabled":false,"takesScreenshot":true,"javascriptEnabled":true,"databaseEnabled":false,"networkConnectionEnabled":true,"locationContextEnabled":false,"warnings":{},"desired":{"platformName":"android","app":"C:\\Users\\m.ahmad\\eclipse-workspace\\AppiumFrameworkDesign\\src\\test\\java\\org\\MuhammadAhmad\\resources\\General-Store.apk","automationName":"UIAutomator2","deviceName":"Pixel 3a API 31"},"platformName":"android","app":"C:\\Users\\m.ahmad\\eclipse-workspace\\AppiumFrameworkDesign\\src\\test\\java\\org\\MuhammadAhmad\\resources\\General-Store.apk","automationName":"UIAutomator2","deviceName":"emulator-5554","deviceUDID":"emulator-5554","appPackage":"com.androidsample.generalstore"}],"alwaysMatch":{}}}
[debug] &amp#27;[38;5;32m[AndroidUiautomator2Driver@ea86 (632147ce)]&amp#27;[0m Got response with status 200: {"sessionId":"5db57b0f-15b7-4d58-9d8a-4e282cc38511","value":{"capabilities":{"firstMatch":[{"platform":"LINUX","webStorageEnabled":false,"takesScreenshot":true,"javascriptEnabled":true,"databaseEnabled":false,"networkConnectionEnabled":true,"locationContextEnabled":false,"warnings":{},"desired":{"platformName":"android","app":"C:\\Users\\m.ahmad\\eclipse-workspace\\AppiumFrameworkDesign\\src\\test\\java\\org\\MuhammadAhmad\\resources\\General-Store.apk","automationName":"UIAutomator2","deviceName":"Pixel 3a API 31"},"platformName":"android","app":"C:\\Users\\m.ahmad\\eclipse-workspace\\AppiumFrameworkDesign\\src\\test\\java\\org\\MuhammadAhmad\\resources\\General-Store.apk","automationName":"UIAutomator2","deviceName":"emulator-5554","deviceUDID":"emulator-5554","appPackage":"com.androidsample.generalstore"}],"alwaysMatch":{}},"sessionId":"5db57b0f-15b7-4d58-9d8a-4e282cc38511"}}
&amp#27;[38;5;32m[AndroidUiautomator2Driver@ea86 (632147ce)]&amp#27;[0m Determined the downstream protocol as 'W3C'
[debug] &amp#27;[38;5;32m[AndroidUiautomator2Driver@ea86 (632147ce)]&amp#27;[0m Proxying [GET /appium/device/info] to [GET http://127.0.0.1:8200/session/5db57b0f-15b7-4d58-9d8a-4e282cc38511/appium/device/info] with no body
[debug] &amp#27;[38;5;32m[AndroidUiautomator2Driver@ea86 (632147ce)]&amp#27;[0m Got response with status 200: {"sessionId":"5db57b0f-15b7-4d58-9d8a-4e282cc38511","value":{"androidId":"ea6be2e86f4e4bfa","apiVersion":"31","bluetooth":{"state":"ON"},"brand":"google","carrierName":"T-Mobile","displayDensity":440,"locale":"en_US","manufacturer":"Google","model":"sdk_gphone64_x86_64","networks":[{"capabilities":{"SSID":null,"linkDownBandwidthKbps":4300,"linkUpstreamBandwidthKbps":1800,"networkCapabilities":"NET_CAPABILITY_MMS,NET_CAPABILITY_SUPL,NET_CAPABILITY_DUN,NET_CAPABILITY_FOTA,NET_CAPABILITY_IMS,NET_CAPABILITY_CBS,NET_CAPABILITY_INTERNET,NET_CAPABILITY_NOT_RESTRICTED,NET_CAPABILITY_TRUSTED,NET_CAPABILITY_NOT_VPN,NET_CAPABILITY_VALIDATED,NET_CAPABILITY_NOT_ROAMING,NET_CAPABILITY_FOREGROUND,NET_CAPABILITY_NOT_CONGESTED,NET_CAPABILITY_NOT_SUSPENDED","signalStrength":-2147483648,"transportTypes":"TRANSPORT_CELLULAR"},"detailedState":"CONNECTED","extraInfo":"epc.tmobile.com","isAvailable":true,"isConnected":true,"isFailover":false,"isRoaming":false,"state":"CONNECTED","subtype":10,"subtypeName":"HSPA","type":0,"typeNa...
[debug] &amp#27;[38;5;64m[ADB]&amp#27;[0m Running 'C:\Users\m.ahmad\AppData\Local\Android\Sdk\platform-tools\adb.exe -P 5037 -s emulator-5554 shell dumpsys window'
&amp#27;[38;5;80m[AndroidDriver]&amp#27;[0m Screen already unlocked, doing nothing
&amp#27;[38;5;32m[AndroidUiautomator2Driver@ea86 (632147ce)]&amp#27;[0m Starting 'com.androidsample.generalstore/com.androidsample.generalstore.SplashActivity and waiting for 'com.androidsample.generalstore/com.androidsample.generalstore.SplashActivity'
[debug] &amp#27;[38;5;64m[ADB]&amp#27;[0m Running 'C:\Users\m.ahmad\AppData\Local\Android\Sdk\platform-tools\adb.exe -P 5037 -s emulator-5554 shell am start -W -n com.androidsample.generalstore/com.androidsample.generalstore.SplashActivity -S -a android.intent.action.MAIN -c android.intent.category.LAUNCHER -f 0x10200000'
[debug] &amp#27;[38;5;64m[ADB]&amp#27;[0m Waiting up to 20000ms for activity matching pkg: 'com.androidsample.generalstore' and activity: 'com.androidsample.generalstore.SplashActivity' to be focused
[debug] &amp#27;[38;5;64m[ADB]&amp#27;[0m Possible activities, to be checked: 'com.androidsample.generalstore.SplashActivity', 'com.androidsample.generalstore.com.androidsample.generalstore.SplashActivity'
[debug] &amp#27;[38;5;64m[ADB]&amp#27;[0m Getting focused package and activity
[debug] &amp#27;[38;5;64m[ADB]&amp#27;[0m Running 'C:\Users\m.ahmad\AppData\Local\Android\Sdk\platform-tools\adb.exe -P 5037 -s emulator-5554 shell dumpsys window displays'
[debug] &amp#27;[38;5;64m[ADB]&amp#27;[0m Found package: 'com.androidsample.generalstore' and fully qualified activity name : 'com.androidsample.generalstore.SplashActivity'
[debug] &amp#27;[38;5;32m[AndroidUiautomator2Driver@ea86 (632147ce)]&amp#27;[0m Proxying [GET /appium/device/pixel_ratio] to [GET http://127.0.0.1:8200/session/5db57b0f-15b7-4d58-9d8a-4e282cc38511/appium/device/pixel_ratio] with no body
[debug] &amp#27;[38;5;32m[AndroidUiautomator2Driver@ea86 (632147ce)]&amp#27;[0m Got response with status 200: {"sessionId":"5db57b0f-15b7-4d58-9d8a-4e282cc38511","value":2.75}
[debug] &amp#27;[38;5;32m[AndroidUiautomator2Driver@ea86 (632147ce)]&amp#27;[0m Matched '/appium/device/system_bars' to command name 'getSystemBars'
[debug] &amp#27;[38;5;32m[AndroidUiautomator2Driver@ea86 (632147ce)]&amp#27;[0m Proxying [GET /appium/device/system_bars] to [GET http://127.0.0.1:8200/session/5db57b0f-15b7-4d58-9d8a-4e282cc38511/appium/device/system_bars] with no body
[debug] &amp#27;[38;5;32m[AndroidUiautomator2Driver@ea86 (632147ce)]&amp#27;[0m Got response with status 200: {"sessionId":"5db57b0f-15b7-4d58-9d8a-4e282cc38511","value":{"statusBar":66}}
[debug] &amp#27;[38;5;32m[AndroidUiautomator2Driver@ea86 (632147ce)]&amp#27;[0m Matched '/window/current/size' to command name 'getWindowSize'
[debug] &amp#27;[38;5;32m[AndroidUiautomator2Driver@ea86 (632147ce)]&amp#27;[0m Proxying [GET /window/current/size] to [GET http://127.0.0.1:8200/session/5db57b0f-15b7-4d58-9d8a-4e282cc38511/window/current/size] with no body
[debug] &amp#27;[38;5;32m[AndroidUiautomator2Driver@ea86 (632147ce)]&amp#27;[0m Got response with status 200: {"sessionId":"5db57b0f-15b7-4d58-9d8a-4e282cc38511","value":{"height":2088,"width":1080}}
&amp#27;[38;5;16m[AppiumDriver@d70b]&amp#27;[0m New AndroidUiautomator2Driver session created successfully, session 632147ce-e1be-4fa6-a1d2-7d3a53bf8ff7 added to master session list
[debug] &amp#27;[38;5;16m[AppiumDriver@d70b]&amp#27;[0m Event 'newSessionStarted' logged at 1718107431418 (17:03:51 GMT+0500 (Pakistan Standard Time))
[debug] &amp#27;[38;5;32m[AndroidUiautomator2Driver@ea86 (632147ce)]&amp#27;[0m Cached the protocol value 'W3C' for the new session 632147ce-e1be-4fa6-a1d2-7d3a53bf8ff7
[debug] &amp#27;[38;5;32m[AndroidUiautomator2Driver@ea86 (632147ce)]&amp#27;[0m Responding to client with driver.createSession() result: {"capabilities":{"platform":"LINUX","webStorageEnabled":false,"takesScreenshot":true,"javascriptEnabled":true,"databaseEnabled":false,"networkConnectionEnabled":true,"locationContextEnabled":false,"warnings":{},"desired":{"platformName":"android","app":"C:\\Users\\m.ahmad\\eclipse-workspace\\AppiumFrameworkDesign\\src\\test\\java\\org\\MuhammadAhmad\\resources\\General-Store.apk","automationName":"UIAutomator2","deviceName":"Pixel 3a API 31"},"platformName":"android","app":"C:\\Users\\m.ahmad\\eclipse-workspace\\AppiumFrameworkDesign\\src\\test\\java\\org\\MuhammadAhmad\\resources\\General-Store.apk","automationName":"UIAutomator2","deviceName":"emulator-5554","deviceUDID":"emulator-5554","appPackage":"com.androidsample.generalstore","deviceApiLevel":31,"platformVersion":"12","deviceScreenSize":"1080x2220","deviceScreenDensity":440,"deviceModel":"sdk_gphone64_x86_64","deviceManufacturer":"Google","pixelRatio":2.75,"statBarHeight":66,"viewportRect":{"left":0,"top":66,"width":1080,"height":2022}}}
&amp#27;[38;5;0m[HTTP]&amp#27;[0m &amp#27;[37m<-- POST /session &amp#27;[39m&amp#27;[32m200&amp#27;[39m &amp#27;[90m7514 ms - 1071&amp#27;[39m
&amp#27;[38;5;0m[HTTP]&amp#27;[0m &amp#27;[90m&amp#27;[39m
&amp#27;[38;5;0m[HTTP]&amp#27;[0m &amp#27;[37m-->&amp#27;[39m &amp#27;[37mPOST&amp#27;[39m &amp#27;[37m/session/632147ce-e1be-4fa6-a1d2-7d3a53bf8ff7/timeouts&amp#27;[39m
&amp#27;[38;5;0m[HTTP]&amp#27;[0m &amp#27;[90m{"implicit":10000}&amp#27;[39m
[debug] &amp#27;[38;5;32m[AndroidUiautomator2Driver@ea86 (632147ce)]&amp#27;[0m Calling AppiumDriver.timeouts() with args: [null,null,null,null,10000,"632147ce-e1be-4fa6-a1d2-7d3a53bf8ff7"]
[debug] &amp#27;[38;5;32m[AndroidUiautomator2Driver@ea86 (632147ce)]&amp#27;[0m W3C timeout argument: {"implicit":10000}}
[debug] &amp#27;[38;5;32m[AndroidUiautomator2Driver@ea86 (632147ce)]&amp#27;[0m Set implicit wait to 10000ms
[debug] &amp#27;[38;5;32m[AndroidUiautomator2Driver@ea86 (632147ce)]&amp#27;[0m Responding to client with driver.timeouts() result: null
&amp#27;[38;5;0m[HTTP]&amp#27;[0m &amp#27;[37m<-- POST /session/632147ce-e1be-4fa6-a1d2-7d3a53bf8ff7/timeouts &amp#27;[39m&amp#27;[32m200&amp#27;[39m &amp#27;[90m2 ms - 14&amp#27;[39m
&amp#27;[38;5;0m[HTTP]&amp#27;[0m &amp#27;[90m&amp#27;[39m
&amp#27;[38;5;0m[HTTP]&amp#27;[0m &amp#27;[37m-->&amp#27;[39m &amp#27;[37mPOST&amp#27;[39m &amp#27;[37m/session/632147ce-e1be-4fa6-a1d2-7d3a53bf8ff7/appium/device/start_activity&amp#27;[39m
&amp#27;[38;5;0m[HTTP]&amp#27;[0m &amp#27;[90m{"appPackage":"com.androidsample.generalstore","appActivity":"com.androidsample.generalstore.SplashActivity","appWaitPackage":"","appWaitActivity":"","dontStopAppOnReset":false,"intentAction":"","intentCategory":"","intentFlags":"","optionalIntentArguments":""}&amp#27;[39m
[debug] &amp#27;[38;5;32m[AndroidUiautomator2Driver@ea86 (632147ce)]&amp#27;[0m Calling AppiumDriver.startActivity() with args: ["com.androidsample.generalstore","com.androidsample.generalstore.SplashActivity","","","","","","",false,null,null,"632147ce-e1be-4fa6-a1d2-7d3a53bf8ff7"]
[debug] &amp#27;[38;5;32m[AndroidUiautomator2Driver@ea86 (632147ce)]&amp#27;[0m Starting package 'com.androidsample.generalstore' and activity 'com.androidsample.generalstore.SplashActivity'
[debug] &amp#27;[38;5;64m[ADB]&amp#27;[0m Running 'C:\Users\m.ahmad\AppData\Local\Android\Sdk\platform-tools\adb.exe -P 5037 -s emulator-5554 shell am start -W -n com.androidsample.generalstore/com.androidsample.generalstore.SplashActivity -S'
[debug] &amp#27;[38;5;64m[ADB]&amp#27;[0m Waiting up to 20000ms for activity matching pkg: 'com.androidsample.generalstore' and activity: 'com.androidsample.generalstore.SplashActivity' to be focused
[debug] &amp#27;[38;5;64m[ADB]&amp#27;[0m Possible activities, to be checked: 'com.androidsample.generalstore.SplashActivity', 'com.androidsample.generalstore.com.androidsample.generalstore.SplashActivity'
[debug] &amp#27;[38;5;64m[ADB]&amp#27;[0m Getting focused package and activity
[debug] &amp#27;[38;5;64m[ADB]&amp#27;[0m Running 'C:\Users\m.ahmad\AppData\Local\Android\Sdk\platform-tools\adb.exe -P 5037 -s emulator-5554 shell dumpsys window displays'
[debug] &amp#27;[38;5;64m[ADB]&amp#27;[0m Found package: 'com.androidsample.generalstore' and fully qualified activity name : 'com.androidsample.generalstore.SplashActivity'
[debug] &amp#27;[38;5;32m[AndroidUiautomator2Driver@ea86 (632147ce)]&amp#27;[0m Responding to client with driver.startActivity() result: null
&amp#27;[38;5;0m[HTTP]&amp#27;[0m &amp#27;[37m<-- POST /session/632147ce-e1be-4fa6-a1d2-7d3a53bf8ff7/appium/device/start_activity &amp#27;[39m&amp#27;[32m200&amp#27;[39m &amp#27;[90m1056 ms - 14&amp#27;[39m
&amp#27;[38;5;0m[HTTP]&amp#27;[0m &amp#27;[90m&amp#27;[39m
&amp#27;[38;5;0m[HTTP]&amp#27;[0m &amp#27;[37m-->&amp#27;[39m &amp#27;[37mGET&amp#27;[39m &amp#27;[37m/session/632147ce-e1be-4fa6-a1d2-7d3a53bf8ff7/context&amp#27;[39m
&amp#27;[38;5;0m[HTTP]&amp#27;[0m &amp#27;[90m{}&amp#27;[39m
[debug] &amp#27;[38;5;32m[AndroidUiautomator2Driver@ea86 (632147ce)]&amp#27;[0m Calling AppiumDriver.getCurrentContext() with args: ["632147ce-e1be-4fa6-a1d2-7d3a53bf8ff7"]
[debug] &amp#27;[38;5;32m[AndroidUiautomator2Driver@ea86 (632147ce)]&amp#27;[0m Responding to client with driver.getCurrentContext() result: "NATIVE_APP"
&amp#27;[38;5;0m[HTTP]&amp#27;[0m &amp#27;[37m<-- GET /session/632147ce-e1be-4fa6-a1d2-7d3a53bf8ff7/context &amp#27;[39m&amp#27;[32m200&amp#27;[39m &amp#27;[90m4 ms - 22&amp#27;[39m
&amp#27;[38;5;0m[HTTP]&amp#27;[0m &amp#27;[90m&amp#27;[39m
&amp#27;[38;5;0m[HTTP]&amp#27;[0m &amp#27;[37m-->&amp#27;[39m &amp#27;[37mPOST&amp#27;[39m &amp#27;[37m/session/632147ce-e1be-4fa6-a1d2-7d3a53bf8ff7/element&amp#27;[39m
&amp#27;[38;5;0m[HTTP]&amp#27;[0m &amp#27;[90m{"using":"id","value":"com.androidsample.generalstore:id/nameField"}&amp#27;[39m
[debug] &amp#27;[38;5;32m[AndroidUiautomator2Driver@ea86 (632147ce)]&amp#27;[0m Calling AppiumDriver.findElement() with args: ["id","com.androidsample.generalstore:id/nameField","632147ce-e1be-4fa6-a1d2-7d3a53bf8ff7"]
[debug] &amp#27;[38;5;32m[AndroidUiautomator2Driver@ea86 (632147ce)]&amp#27;[0m Valid locator strategies for this request: xpath, id, class name, accessibility id, css selector, -android uiautomator
[debug] &amp#27;[38;5;32m[AndroidUiautomator2Driver@ea86 (632147ce)]&amp#27;[0m Waiting up to 10000 ms for condition
[debug] &amp#27;[38;5;32m[AndroidUiautomator2Driver@ea86 (632147ce)]&amp#27;[0m Matched '/element' to command name 'findElement'
[debug] &amp#27;[38;5;32m[AndroidUiautomator2Driver@ea86 (632147ce)]&amp#27;[0m Proxying [POST /element] to [POST http://127.0.0.1:8200/session/5db57b0f-15b7-4d58-9d8a-4e282cc38511/element] with body: {"strategy":"id","selector":"com.androidsample.generalstore:id/nameField","context":"","multiple":false}
&amp#27;[38;5;32m[AndroidUiautomator2Driver@ea86 (632147ce)]&amp#27;[0m Got response with status 404: {"sessionId":"5db57b0f-15b7-4d58-9d8a-4e282cc38511","value":{"error":"no such element","message":"An element could not be located on the page using the given search parameters","stacktrace":"io.appium.uiautomator2.common.exceptions.ElementNotFoundException: An element could not be located on the page using the given search parameters\n\tat io.appium.uiautomator2.handler.FindElement.safeHandle(FindElement.java:70)\n\tat io.appium.uiautomator2.handler.request.SafeRequestHandler.handle(SafeRequestHandler.java:59)\n\tat io.appium.uiautomator2.server.AppiumServlet.handleRequest(AppiumServlet.java:270)\n\tat io.appium.uiautomator2.server.AppiumServlet.handleHttpRequest(AppiumServlet.java:264)\n\tat io.appium.uiautomator2.http.ServerHandler.channelRead(ServerHandler.java:68)\n\tat io.netty.channel.AbstractChannelHandlerContext.invokeChannelRead(AbstractChannelHandlerContext.java:366)\n\tat io.netty.channel.AbstractChannelHandlerContext.invokeChannelRead(AbstractChannelHandlerContext.java:352)\n\tat io.netty.chann...
[debug] &amp#27;[38;5;128m[W3C]&amp#27;[0m Matched W3C error code 'no such element' to NoSuchElementError
[debug] &amp#27;[38;5;32m[AndroidUiautomator2Driver@ea86 (632147ce)]&amp#27;[0m Waited for 272 ms so far
[debug] &amp#27;[38;5;32m[AndroidUiautomator2Driver@ea86 (632147ce)]&amp#27;[0m Matched '/element' to command name 'findElement'
[debug] &amp#27;[38;5;32m[AndroidUiautomator2Driver@ea86 (632147ce)]&amp#27;[0m Proxying [POST /element] to [POST http://127.0.0.1:8200/session/5db57b0f-15b7-4d58-9d8a-4e282cc38511/element] with body: {"strategy":"id","selector":"com.androidsample.generalstore:id/nameField","context":"","multiple":false}
&amp#27;[38;5;32m[AndroidUiautomator2Driver@ea86 (632147ce)]&amp#27;[0m Got response with status 404: {"sessionId":"5db57b0f-15b7-4d58-9d8a-4e282cc38511","value":{"error":"no such element","message":"An element could not be located on the page using the given search parameters","stacktrace":"io.appium.uiautomator2.common.exceptions.ElementNotFoundException: An element could not be located on the page using the given search parameters\n\tat io.appium.uiautomator2.handler.FindElement.safeHandle(FindElement.java:70)\n\tat io.appium.uiautomator2.handler.request.SafeRequestHandler.handle(SafeRequestHandler.java:59)\n\tat io.appium.uiautomator2.server.AppiumServlet.handleRequest(AppiumServlet.java:270)\n\tat io.appium.uiautomator2.server.AppiumServlet.handleHttpRequest(AppiumServlet.java:264)\n\tat io.appium.uiautomator2.http.ServerHandler.channelRead(ServerHandler.java:68)\n\tat io.netty.channel.AbstractChannelHandlerContext.invokeChannelRead(AbstractChannelHandlerContext.java:366)\n\tat io.netty.channel.AbstractChannelHandlerContext.invokeChannelRead(AbstractChannelHandlerContext.java:352)\n\tat io.netty.chann...
[debug] &amp#27;[38;5;128m[W3C]&amp#27;[0m Matched W3C error code 'no such element' to NoSuchElementError
[debug] &amp#27;[38;5;32m[AndroidUiautomator2Driver@ea86 (632147ce)]&amp#27;[0m Waited for 812 ms so far
[debug] &amp#27;[38;5;32m[AndroidUiautomator2Driver@ea86 (632147ce)]&amp#27;[0m Matched '/element' to command name 'findElement'
[debug] &amp#27;[38;5;32m[AndroidUiautomator2Driver@ea86 (632147ce)]&amp#27;[0m Proxying [POST /element] to [POST http://127.0.0.1:8200/session/5db57b0f-15b7-4d58-9d8a-4e282cc38511/element] with body: {"strategy":"id","selector":"com.androidsample.generalstore:id/nameField","context":"","multiple":false}
&amp#27;[38;5;32m[AndroidUiautomator2Driver@ea86 (632147ce)]&amp#27;[0m Got response with status 404: {"sessionId":"5db57b0f-15b7-4d58-9d8a-4e282cc38511","value":{"error":"no such element","message":"An element could not be located on the page using the given search parameters","stacktrace":"io.appium.uiautomator2.common.exceptions.ElementNotFoundException: An element could not be located on the page using the given search parameters\n\tat io.appium.uiautomator2.handler.FindElement.safeHandle(FindElement.java:70)\n\tat io.appium.uiautomator2.handler.request.SafeRequestHandler.handle(SafeRequestHandler.java:59)\n\tat io.appium.uiautomator2.server.AppiumServlet.handleRequest(AppiumServlet.java:270)\n\tat io.appium.uiautomator2.server.AppiumServlet.handleHttpRequest(AppiumServlet.java:264)\n\tat io.appium.uiautomator2.http.ServerHandler.channelRead(ServerHandler.java:68)\n\tat io.netty.channel.AbstractChannelHandlerContext.invokeChannelRead(AbstractChannelHandlerContext.java:366)\n\tat io.netty.channel.AbstractChannelHandlerContext.invokeChannelRead(AbstractChannelHandlerContext.java:352)\n\tat io.netty.chann...
[debug] &amp#27;[38;5;128m[W3C]&amp#27;[0m Matched W3C error code 'no such element' to NoSuchElementError
[debug] &amp#27;[38;5;32m[AndroidUiautomator2Driver@ea86 (632147ce)]&amp#27;[0m Waited for 1347 ms so far
[debug] &amp#27;[38;5;32m[AndroidUiautomator2Driver@ea86 (632147ce)]&amp#27;[0m Matched '/element' to command name 'findElement'
[debug] &amp#27;[38;5;32m[AndroidUiautomator2Driver@ea86 (632147ce)]&amp#27;[0m Proxying [POST /element] to [POST http://127.0.0.1:8200/session/5db57b0f-15b7-4d58-9d8a-4e282cc38511/element] with body: {"strategy":"id","selector":"com.androidsample.generalstore:id/nameField","context":"","multiple":false}
&amp#27;[38;5;32m[AndroidUiautomator2Driver@ea86 (632147ce)]&amp#27;[0m Got response with status 404: {"sessionId":"5db57b0f-15b7-4d58-9d8a-4e282cc38511","value":{"error":"no such element","message":"An element could not be located on the page using the given search parameters","stacktrace":"io.appium.uiautomator2.common.exceptions.ElementNotFoundException: An element could not be located on the page using the given search parameters\n\tat io.appium.uiautomator2.handler.FindElement.safeHandle(FindElement.java:70)\n\tat io.appium.uiautomator2.handler.request.SafeRequestHandler.handle(SafeRequestHandler.java:59)\n\tat io.appium.uiautomator2.server.AppiumServlet.handleRequest(AppiumServlet.java:270)\n\tat io.appium.uiautomator2.server.AppiumServlet.handleHttpRequest(AppiumServlet.java:264)\n\tat io.appium.uiautomator2.http.ServerHandler.channelRead(ServerHandler.java:68)\n\tat io.netty.channel.AbstractChannelHandlerContext.invokeChannelRead(AbstractChannelHandlerContext.java:366)\n\tat io.netty.channel.AbstractChannelHandlerContext.invokeChannelRead(AbstractChannelHandlerContext.java:352)\n\tat io.netty.chann...
[debug] &amp#27;[38;5;128m[W3C]&amp#27;[0m Matched W3C error code 'no such element' to NoSuchElementError
[debug] &amp#27;[38;5;32m[AndroidUiautomator2Driver@ea86 (632147ce)]&amp#27;[0m Waited for 1879 ms so far
[debug] &amp#27;[38;5;32m[AndroidUiautomator2Driver@ea86 (632147ce)]&amp#27;[0m Matched '/element' to command name 'findElement'
[debug] &amp#27;[38;5;32m[AndroidUiautomator2Driver@ea86 (632147ce)]&amp#27;[0m Proxying [POST /element] to [POST http://127.0.0.1:8200/session/5db57b0f-15b7-4d58-9d8a-4e282cc38511/element] with body: {"strategy":"id","selector":"com.androidsample.generalstore:id/nameField","context":"","multiple":false}
&amp#27;[38;5;32m[AndroidUiautomator2Driver@ea86 (632147ce)]&amp#27;[0m Got response with status 404: {"sessionId":"5db57b0f-15b7-4d58-9d8a-4e282cc38511","value":{"error":"no such element","message":"An element could not be located on the page using the given search parameters","stacktrace":"io.appium.uiautomator2.common.exceptions.ElementNotFoundException: An element could not be located on the page using the given search parameters\n\tat io.appium.uiautomator2.handler.FindElement.safeHandle(FindElement.java:70)\n\tat io.appium.uiautomator2.handler.request.SafeRequestHandler.handle(SafeRequestHandler.java:59)\n\tat io.appium.uiautomator2.server.AppiumServlet.handleRequest(AppiumServlet.java:270)\n\tat io.appium.uiautomator2.server.AppiumServlet.handleHttpRequest(AppiumServlet.java:264)\n\tat io.appium.uiautomator2.http.ServerHandler.channelRead(ServerHandler.java:68)\n\tat io.netty.channel.AbstractChannelHandlerContext.invokeChannelRead(AbstractChannelHandlerContext.java:366)\n\tat io.netty.channel.AbstractChannelHandlerContext.invokeChannelRead(AbstractChannelHandlerContext.java:352)\n\tat io.netty.chann...
[debug] &amp#27;[38;5;128m[W3C]&amp#27;[0m Matched W3C error code 'no such element' to NoSuchElementError
[debug] &amp#27;[38;5;32m[AndroidUiautomator2Driver@ea86 (632147ce)]&amp#27;[0m Waited for 2434 ms so far
[debug] &amp#27;[38;5;32m[AndroidUiautomator2Driver@ea86 (632147ce)]&amp#27;[0m Matched '/element' to command name 'findElement'
[debug] &amp#27;[38;5;32m[AndroidUiautomator2Driver@ea86 (632147ce)]&amp#27;[0m Proxying [POST /element] to [POST http://127.0.0.1:8200/session/5db57b0f-15b7-4d58-9d8a-4e282cc38511/element] with body: {"strategy":"id","selector":"com.androidsample.generalstore:id/nameField","context":"","multiple":false}
[debug] &amp#27;[38;5;32m[AndroidUiautomator2Driver@ea86 (632147ce)]&amp#27;[0m Got response with status 200: {"sessionId":"5db57b0f-15b7-4d58-9d8a-4e282cc38511","value":{"ELEMENT":"00000000-0000-002e-ffff-ffff0000001c","element-6066-11e4-a52e-4f735466cecf":"00000000-0000-002e-ffff-ffff0000001c"}}
[debug] &amp#27;[38;5;32m[AndroidUiautomator2Driver@ea86 (632147ce)]&amp#27;[0m Responding to client with driver.findElement() result: {"element-6066-11e4-a52e-4f735466cecf":"00000000-0000-002e-ffff-ffff0000001c","ELEMENT":"00000000-0000-002e-ffff-ffff0000001c"}
&amp#27;[38;5;0m[HTTP]&amp#27;[0m &amp#27;[37m<-- POST /session/632147ce-e1be-4fa6-a1d2-7d3a53bf8ff7/element &amp#27;[39m&amp#27;[32m200&amp#27;[39m &amp#27;[90m3656 ms - 137&amp#27;[39m
&amp#27;[38;5;0m[HTTP]&amp#27;[0m &amp#27;[90m&amp#27;[39m
&amp#27;[38;5;0m[HTTP]&amp#27;[0m &amp#27;[37m-->&amp#27;[39m &amp#27;[37mPOST&amp#27;[39m &amp#27;[37m/session/632147ce-e1be-4fa6-a1d2-7d3a53bf8ff7/element/00000000-0000-002e-ffff-ffff0000001c/value&amp#27;[39m
&amp#27;[38;5;0m[HTTP]&amp#27;[0m &amp#27;[90m{"id":"00000000-0000-002e-ffff-ffff0000001c","text":"Muhammad Ahmad","value":["M","u","h","a","m","m","a","d"," ","A","h","m","a","d"]}&amp#27;[39m
[debug] &amp#27;[38;5;32m[AndroidUiautomator2Driver@ea86 (632147ce)]&amp#27;[0m Calling AppiumDriver.setValue() with args: [["M","u","h","a","m","m","a","d"," ","A","h","m","a","d"],"00000000-0000-002e-ffff-ffff0000001c","632147ce-e1be-4fa6-a1d2-7d3a53bf8ff7"]
[debug] &amp#27;[38;5;32m[AndroidUiautomator2Driver@ea86 (632147ce)]&amp#27;[0m Matched '/element/00000000-0000-002e-ffff-ffff0000001c/value' to command name 'setValue'
[debug] &amp#27;[38;5;32m[AndroidUiautomator2Driver@ea86 (632147ce)]&amp#27;[0m Added 'value' property ["M","u","h","a","m","m","a","d"," ","A","h","m","a","d"] to 'setValue' request body
[debug] &amp#27;[38;5;32m[AndroidUiautomator2Driver@ea86 (632147ce)]&amp#27;[0m Proxying [POST /element/00000000-0000-002e-ffff-ffff0000001c/value] to [POST http://127.0.0.1:8200/session/5db57b0f-15b7-4d58-9d8a-4e282cc38511/element/00000000-0000-002e-ffff-ffff0000001c/value] with body: {"elementId":"00000000-0000-002e-ffff-ffff0000001c","text":"Muhammad Ahmad","replace":false,"value":["M","u","h","a","m","m","a","d"," ","A","h","m","a","d"]}
[debug] &amp#27;[38;5;32m[AndroidUiautomator2Driver@ea86 (632147ce)]&amp#27;[0m Got response with status 200: {"sessionId":"5db57b0f-15b7-4d58-9d8a-4e282cc38511","value":null}
[debug] &amp#27;[38;5;32m[AndroidUiautomator2Driver@ea86 (632147ce)]&amp#27;[0m Responding to client with driver.setValue() result: null
&amp#27;[38;5;0m[HTTP]&amp#27;[0m &amp#27;[37m<-- POST /session/632147ce-e1be-4fa6-a1d2-7d3a53bf8ff7/element/00000000-0000-002e-ffff-ffff0000001c/value &amp#27;[39m&amp#27;[32m200&amp#27;[39m &amp#27;[90m606 ms - 14&amp#27;[39m
&amp#27;[38;5;0m[HTTP]&amp#27;[0m &amp#27;[90m&amp#27;[39m
&amp#27;[38;5;0m[HTTP]&amp#27;[0m &amp#27;[37m-->&amp#27;[39m &amp#27;[37mGET&amp#27;[39m &amp#27;[37m/session/632147ce-e1be-4fa6-a1d2-7d3a53bf8ff7/context&amp#27;[39m
&amp#27;[38;5;0m[HTTP]&amp#27;[0m &amp#27;[90m{}&amp#27;[39m
[debug] &amp#27;[38;5;32m[AndroidUiautomator2Driver@ea86 (632147ce)]&amp#27;[0m Calling AppiumDriver.getCurrentContext() with args: ["632147ce-e1be-4fa6-a1d2-7d3a53bf8ff7"]
[debug] &amp#27;[38;5;32m[AndroidUiautomator2Driver@ea86 (632147ce)]&amp#27;[0m Responding to client with driver.getCurrentContext() result: "NATIVE_APP"
&amp#27;[38;5;0m[HTTP]&amp#27;[0m &amp#27;[37m<-- GET /session/632147ce-e1be-4fa6-a1d2-7d3a53bf8ff7/context &amp#27;[39m&amp#27;[32m200&amp#27;[39m &amp#27;[90m1 ms - 22&amp#27;[39m
&amp#27;[38;5;0m[HTTP]&amp#27;[0m &amp#27;[90m&amp#27;[39m
&amp#27;[38;5;0m[HTTP]&amp#27;[0m &amp#27;[37m-->&amp#27;[39m &amp#27;[37mPOST&amp#27;[39m &amp#27;[37m/session/632147ce-e1be-4fa6-a1d2-7d3a53bf8ff7/element&amp#27;[39m
&amp#27;[38;5;0m[HTTP]&amp#27;[0m &amp#27;[90m{"using":"xpath","value":"//android.widget.RadioButton[@text=\"Female\"]"}&amp#27;[39m
[debug] &amp#27;[38;5;32m[AndroidUiautomator2Driver@ea86 (632147ce)]&amp#27;[0m Calling AppiumDriver.findElement() with args: ["xpath","//android.widget.RadioButton[@text=\"Female\"]","632147ce-e1be-4fa6-a1d2-7d3a53bf8ff7"]
[debug] &amp#27;[38;5;32m[AndroidUiautomator2Driver@ea86 (632147ce)]&amp#27;[0m Valid locator strategies for this request: xpath, id, class name, accessibility id, css selector, -android uiautomator
[debug] &amp#27;[38;5;32m[AndroidUiautomator2Driver@ea86 (632147ce)]&amp#27;[0m Waiting up to 10000 ms for condition
[debug] &amp#27;[38;5;32m[AndroidUiautomator2Driver@ea86 (632147ce)]&amp#27;[0m Matched '/element' to command name 'findElement'
[debug] &amp#27;[38;5;32m[AndroidUiautomator2Driver@ea86 (632147ce)]&amp#27;[0m Proxying [POST /element] to [POST http://127.0.0.1:8200/session/5db57b0f-15b7-4d58-9d8a-4e282cc38511/element] with body: {"strategy":"xpath","selector":"//android.widget.RadioButton[@text=\"Female\"]","context":"","multiple":false}
[debug] &amp#27;[38;5;32m[AndroidUiautomator2Driver@ea86 (632147ce)]&amp#27;[0m Got response with status 200: {"sessionId":"5db57b0f-15b7-4d58-9d8a-4e282cc38511","value":{"ELEMENT":"00000000-0000-002e-ffff-ffff00000020","element-6066-11e4-a52e-4f735466cecf":"00000000-0000-002e-ffff-ffff00000020"}}
[debug] &amp#27;[38;5;32m[AndroidUiautomator2Driver@ea86 (632147ce)]&amp#27;[0m Responding to client with driver.findElement() result: {"element-6066-11e4-a52e-4f735466cecf":"00000000-0000-002e-ffff-ffff00000020","ELEMENT":"00000000-0000-002e-ffff-ffff00000020"}
&amp#27;[38;5;0m[HTTP]&amp#27;[0m &amp#27;[37m<-- POST /session/632147ce-e1be-4fa6-a1d2-7d3a53bf8ff7/element &amp#27;[39m&amp#27;[32m200&amp#27;[39m &amp#27;[90m931 ms - 137&amp#27;[39m
&amp#27;[38;5;0m[HTTP]&amp#27;[0m &amp#27;[90m&amp#27;[39m
&amp#27;[38;5;0m[HTTP]&amp#27;[0m &amp#27;[37m-->&amp#27;[39m &amp#27;[37mPOST&amp#27;[39m &amp#27;[37m/session/632147ce-e1be-4fa6-a1d2-7d3a53bf8ff7/element/00000000-0000-002e-ffff-ffff00000020/click&amp#27;[39m
&amp#27;[38;5;0m[HTTP]&amp#27;[0m &amp#27;[90m{"id":"00000000-0000-002e-ffff-ffff00000020"}&amp#27;[39m
[debug] &amp#27;[38;5;32m[AndroidUiautomator2Driver@ea86 (632147ce)]&amp#27;[0m Calling AppiumDriver.click() with args: ["00000000-0000-002e-ffff-ffff00000020","632147ce-e1be-4fa6-a1d2-7d3a53bf8ff7"]
[debug] &amp#27;[38;5;32m[AndroidUiautomator2Driver@ea86 (632147ce)]&amp#27;[0m Matched '/element/00000000-0000-002e-ffff-ffff00000020/click' to command name 'click'
[debug] &amp#27;[38;5;32m[AndroidUiautomator2Driver@ea86 (632147ce)]&amp#27;[0m Proxying [POST /element/00000000-0000-002e-ffff-ffff00000020/click] to [POST http://127.0.0.1:8200/session/5db57b0f-15b7-4d58-9d8a-4e282cc38511/element/00000000-0000-002e-ffff-ffff00000020/click] with body: {"element":"00000000-0000-002e-ffff-ffff00000020"}
[debug] &amp#27;[38;5;32m[AndroidUiautomator2Driver@ea86 (632147ce)]&amp#27;[0m Got response with status 200: {"sessionId":"5db57b0f-15b7-4d58-9d8a-4e282cc38511","value":null}
[debug] &amp#27;[38;5;32m[AndroidUiautomator2Driver@ea86 (632147ce)]&amp#27;[0m Responding to client with driver.click() result: null
&amp#27;[38;5;0m[HTTP]&amp#27;[0m &amp#27;[37m<-- POST /session/632147ce-e1be-4fa6-a1d2-7d3a53bf8ff7/element/00000000-0000-002e-ffff-ffff00000020/click &amp#27;[39m&amp#27;[32m200&amp#27;[39m &amp#27;[90m48 ms - 14&amp#27;[39m
&amp#27;[38;5;0m[HTTP]&amp#27;[0m &amp#27;[90m&amp#27;[39m
&amp#27;[38;5;0m[HTTP]&amp#27;[0m &amp#27;[37m-->&amp#27;[39m &amp#27;[37mGET&amp#27;[39m &amp#27;[37m/session/632147ce-e1be-4fa6-a1d2-7d3a53bf8ff7/context&amp#27;[39m
&amp#27;[38;5;0m[HTTP]&amp#27;[0m &amp#27;[90m{}&amp#27;[39m
[debug] &amp#27;[38;5;32m[AndroidUiautomator2Driver@ea86 (632147ce)]&amp#27;[0m Calling AppiumDriver.getCurrentContext() with args: ["632147ce-e1be-4fa6-a1d2-7d3a53bf8ff7"]
[debug] &amp#27;[38;5;32m[AndroidUiautomator2Driver@ea86 (632147ce)]&amp#27;[0m Responding to client with driver.getCurrentContext() result: "NATIVE_APP"
&amp#27;[38;5;0m[HTTP]&amp#27;[0m &amp#27;[37m<-- GET /session/632147ce-e1be-4fa6-a1d2-7d3a53bf8ff7/context &amp#27;[39m&amp#27;[32m200&amp#27;[39m &amp#27;[90m1 ms - 22&amp#27;[39m
&amp#27;[38;5;0m[HTTP]&amp#27;[0m &amp#27;[90m&amp#27;[39m
&amp#27;[38;5;0m[HTTP]&amp#27;[0m &amp#27;[37m-->&amp#27;[39m &amp#27;[37mPOST&amp#27;[39m &amp#27;[37m/session/632147ce-e1be-4fa6-a1d2-7d3a53bf8ff7/element&amp#27;[39m
&amp#27;[38;5;0m[HTTP]&amp#27;[0m &amp#27;[90m{"using":"id","value":"android:id/text1"}&amp#27;[39m
[debug] &amp#27;[38;5;32m[AndroidUiautomator2Driver@ea86 (632147ce)]&amp#27;[0m Calling AppiumDriver.findElement() with args: ["id","android:id/text1","632147ce-e1be-4fa6-a1d2-7d3a53bf8ff7"]
[debug] &amp#27;[38;5;32m[AndroidUiautomator2Driver@ea86 (632147ce)]&amp#27;[0m Valid locator strategies for this request: xpath, id, class name, accessibility id, css selector, -android uiautomator
[debug] &amp#27;[38;5;32m[AndroidUiautomator2Driver@ea86 (632147ce)]&amp#27;[0m Waiting up to 10000 ms for condition
[debug] &amp#27;[38;5;32m[AndroidUiautomator2Driver@ea86 (632147ce)]&amp#27;[0m Matched '/element' to command name 'findElement'
[debug] &amp#27;[38;5;32m[AndroidUiautomator2Driver@ea86 (632147ce)]&amp#27;[0m Proxying [POST /element] to [POST http://127.0.0.1:8200/session/5db57b0f-15b7-4d58-9d8a-4e282cc38511/element] with body: {"strategy":"id","selector":"android:id/text1","context":"","multiple":false}
[debug] &amp#27;[38;5;32m[AndroidUiautomator2Driver@ea86 (632147ce)]&amp#27;[0m Got response with status 200: {"sessionId":"5db57b0f-15b7-4d58-9d8a-4e282cc38511","value":{"ELEMENT":"00000000-0000-002e-ffff-ffff00000024","element-6066-11e4-a52e-4f735466cecf":"00000000-0000-002e-ffff-ffff00000024"}}
[debug] &amp#27;[38;5;32m[AndroidUiautomator2Driver@ea86 (632147ce)]&amp#27;[0m Responding to client with driver.findElement() result: {"element-6066-11e4-a52e-4f735466cecf":"00000000-0000-002e-ffff-ffff00000024","ELEMENT":"00000000-0000-002e-ffff-ffff00000024"}
&amp#27;[38;5;0m[HTTP]&amp#27;[0m &amp#27;[37m<-- POST /session/632147ce-e1be-4fa6-a1d2-7d3a53bf8ff7/element &amp#27;[39m&amp#27;[32m200&amp#27;[39m &amp#27;[90m98 ms - 137&amp#27;[39m
&amp#27;[38;5;0m[HTTP]&amp#27;[0m &amp#27;[90m&amp#27;[39m
&amp#27;[38;5;0m[HTTP]&amp#27;[0m &amp#27;[37m-->&amp#27;[39m &amp#27;[37mPOST&amp#27;[39m &amp#27;[37m/session/632147ce-e1be-4fa6-a1d2-7d3a53bf8ff7/element/00000000-0000-002e-ffff-ffff00000024/click&amp#27;[39m
&amp#27;[38;5;0m[HTTP]&amp#27;[0m &amp#27;[90m{"id":"00000000-0000-002e-ffff-ffff00000024"}&amp#27;[39m
[debug] &amp#27;[38;5;32m[AndroidUiautomator2Driver@ea86 (632147ce)]&amp#27;[0m Calling AppiumDriver.click() with args: ["00000000-0000-002e-ffff-ffff00000024","632147ce-e1be-4fa6-a1d2-7d3a53bf8ff7"]
[debug] &amp#27;[38;5;32m[AndroidUiautomator2Driver@ea86 (632147ce)]&amp#27;[0m Matched '/element/00000000-0000-002e-ffff-ffff00000024/click' to command name 'click'
[debug] &amp#27;[38;5;32m[AndroidUiautomator2Driver@ea86 (632147ce)]&amp#27;[0m Proxying [POST /element/00000000-0000-002e-ffff-ffff00000024/click] to [POST http://127.0.0.1:8200/session/5db57b0f-15b7-4d58-9d8a-4e282cc38511/element/00000000-0000-002e-ffff-ffff00000024/click] with body: {"element":"00000000-0000-002e-ffff-ffff00000024"}
[debug] &amp#27;[38;5;32m[AndroidUiautomator2Driver@ea86 (632147ce)]&amp#27;[0m Got response with status 200: {"sessionId":"5db57b0f-15b7-4d58-9d8a-4e282cc38511","value":null}
[debug] &amp#27;[38;5;32m[AndroidUiautomator2Driver@ea86 (632147ce)]&amp#27;[0m Responding to client with driver.click() result: null
&amp#27;[38;5;0m[HTTP]&amp#27;[0m &amp#27;[37m<-- POST /session/632147ce-e1be-4fa6-a1d2-7d3a53bf8ff7/element/00000000-0000-002e-ffff-ffff00000024/click &amp#27;[39m&amp#27;[32m200&amp#27;[39m &amp#27;[90m558 ms - 14&amp#27;[39m
&amp#27;[38;5;0m[HTTP]&amp#27;[0m &amp#27;[90m&amp#27;[39m
&amp#27;[38;5;0m[HTTP]&amp#27;[0m &amp#27;[37m-->&amp#27;[39m &amp#27;[37mPOST&amp#27;[39m &amp#27;[37m/session/632147ce-e1be-4fa6-a1d2-7d3a53bf8ff7/element&amp#27;[39m
&amp#27;[38;5;0m[HTTP]&amp#27;[0m &amp#27;[90m{"using":"-android uiautomator","value":"new UiScrollable(new UiSelector()).scrollIntoView(text(\"Argentina\"));"}&amp#27;[39m
[debug] &amp#27;[38;5;32m[AndroidUiautomator2Driver@ea86 (632147ce)]&amp#27;[0m Calling AppiumDriver.findElement() with args: ["-android uiautomator","new UiScrollable(new UiSelector()).scrollIntoView(text(\"Argentina\"));","632147ce-e1be-4fa6-a1d2-7d3a53bf8ff7"]
[debug] &amp#27;[38;5;32m[AndroidUiautomator2Driver@ea86 (632147ce)]&amp#27;[0m Valid locator strategies for this request: xpath, id, class name, accessibility id, css selector, -android uiautomator
[debug] &amp#27;[38;5;32m[AndroidUiautomator2Driver@ea86 (632147ce)]&amp#27;[0m Waiting up to 10000 ms for condition
[debug] &amp#27;[38;5;32m[AndroidUiautomator2Driver@ea86 (632147ce)]&amp#27;[0m Matched '/element' to command name 'findElement'
[debug] &amp#27;[38;5;32m[AndroidUiautomator2Driver@ea86 (632147ce)]&amp#27;[0m Proxying [POST /element] to [POST http://127.0.0.1:8200/session/5db57b0f-15b7-4d58-9d8a-4e282cc38511/element] with body: {"strategy":"-android uiautomator","selector":"new UiScrollable(new UiSelector()).scrollIntoView(text(\"Argentina\"));","context":"","multiple":false}
[debug] &amp#27;[38;5;32m[AndroidUiautomator2Driver@ea86 (632147ce)]&amp#27;[0m Got response with status 200: {"sessionId":"5db57b0f-15b7-4d58-9d8a-4e282cc38511","value":{"ELEMENT":"00000000-0000-002f-ffff-ffff00000032","element-6066-11e4-a52e-4f735466cecf":"00000000-0000-002f-ffff-ffff00000032"}}
[debug] &amp#27;[38;5;32m[AndroidUiautomator2Driver@ea86 (632147ce)]&amp#27;[0m Responding to client with driver.findElement() result: {"element-6066-11e4-a52e-4f735466cecf":"00000000-0000-002f-ffff-ffff00000032","ELEMENT":"00000000-0000-002f-ffff-ffff00000032"}
&amp#27;[38;5;0m[HTTP]&amp#27;[0m &amp#27;[37m<-- POST /session/632147ce-e1be-4fa6-a1d2-7d3a53bf8ff7/element &amp#27;[39m&amp#27;[32m200&amp#27;[39m &amp#27;[90m4352 ms - 137&amp#27;[39m
&amp#27;[38;5;0m[HTTP]&amp#27;[0m &amp#27;[90m&amp#27;[39m
&amp#27;[38;5;0m[HTTP]&amp#27;[0m &amp#27;[37m-->&amp#27;[39m &amp#27;[37mPOST&amp#27;[39m &amp#27;[37m/session/632147ce-e1be-4fa6-a1d2-7d3a53bf8ff7/element&amp#27;[39m
&amp#27;[38;5;0m[HTTP]&amp#27;[0m &amp#27;[90m{"using":"xpath","value":"//android.widget.TextView[@text=\"Argentina\"]"}&amp#27;[39m
[debug] &amp#27;[38;5;32m[AndroidUiautomator2Driver@ea86 (632147ce)]&amp#27;[0m Calling AppiumDriver.findElement() with args: ["xpath","//android.widget.TextView[@text=\"Argentina\"]","632147ce-e1be-4fa6-a1d2-7d3a53bf8ff7"]
[debug] &amp#27;[38;5;32m[AndroidUiautomator2Driver@ea86 (632147ce)]&amp#27;[0m Valid locator strategies for this request: xpath, id, class name, accessibility id, css selector, -android uiautomator
[debug] &amp#27;[38;5;32m[AndroidUiautomator2Driver@ea86 (632147ce)]&amp#27;[0m Waiting up to 10000 ms for condition
[debug] &amp#27;[38;5;32m[AndroidUiautomator2Driver@ea86 (632147ce)]&amp#27;[0m Matched '/element' to command name 'findElement'
[debug] &amp#27;[38;5;32m[AndroidUiautomator2Driver@ea86 (632147ce)]&amp#27;[0m Proxying [POST /element] to [POST http://127.0.0.1:8200/session/5db57b0f-15b7-4d58-9d8a-4e282cc38511/element] with body: {"strategy":"xpath","selector":"//android.widget.TextView[@text=\"Argentina\"]","context":"","multiple":false}
[debug] &amp#27;[38;5;32m[AndroidUiautomator2Driver@ea86 (632147ce)]&amp#27;[0m Got response with status 200: {"sessionId":"5db57b0f-15b7-4d58-9d8a-4e282cc38511","value":{"ELEMENT":"00000000-0000-002f-ffff-ffff00000032","element-6066-11e4-a52e-4f735466cecf":"00000000-0000-002f-ffff-ffff00000032"}}
[debug] &amp#27;[38;5;32m[AndroidUiautomator2Driver@ea86 (632147ce)]&amp#27;[0m Responding to client with driver.findElement() result: {"element-6066-11e4-a52e-4f735466cecf":"00000000-0000-002f-ffff-ffff00000032","ELEMENT":"00000000-0000-002f-ffff-ffff00000032"}
&amp#27;[38;5;0m[HTTP]&amp#27;[0m &amp#27;[37m<-- POST /session/632147ce-e1be-4fa6-a1d2-7d3a53bf8ff7/element &amp#27;[39m&amp#27;[32m200&amp#27;[39m &amp#27;[90m91 ms - 137&amp#27;[39m
&amp#27;[38;5;0m[HTTP]&amp#27;[0m &amp#27;[90m&amp#27;[39m
&amp#27;[38;5;0m[HTTP]&amp#27;[0m &amp#27;[37m-->&amp#27;[39m &amp#27;[37mPOST&amp#27;[39m &amp#27;[37m/session/632147ce-e1be-4fa6-a1d2-7d3a53bf8ff7/element/00000000-0000-002f-ffff-ffff00000032/click&amp#27;[39m
&amp#27;[38;5;0m[HTTP]&amp#27;[0m &amp#27;[90m{"id":"00000000-0000-002f-ffff-ffff00000032"}&amp#27;[39m
[debug] &amp#27;[38;5;32m[AndroidUiautomator2Driver@ea86 (632147ce)]&amp#27;[0m Calling AppiumDriver.click() with args: ["00000000-0000-002f-ffff-ffff00000032","632147ce-e1be-4fa6-a1d2-7d3a53bf8ff7"]
[debug] &amp#27;[38;5;32m[AndroidUiautomator2Driver@ea86 (632147ce)]&amp#27;[0m Matched '/element/00000000-0000-002f-ffff-ffff00000032/click' to command name 'click'
[debug] &amp#27;[38;5;32m[AndroidUiautomator2Driver@ea86 (632147ce)]&amp#27;[0m Proxying [POST /element/00000000-0000-002f-ffff-ffff00000032/click] to [POST http://127.0.0.1:8200/session/5db57b0f-15b7-4d58-9d8a-4e282cc38511/element/00000000-0000-002f-ffff-ffff00000032/click] with body: {"element":"00000000-0000-002f-ffff-ffff00000032"}
[debug] &amp#27;[38;5;32m[AndroidUiautomator2Driver@ea86 (632147ce)]&amp#27;[0m Got response with status 200: {"sessionId":"5db57b0f-15b7-4d58-9d8a-4e282cc38511","value":null}
[debug] &amp#27;[38;5;32m[AndroidUiautomator2Driver@ea86 (632147ce)]&amp#27;[0m Responding to client with driver.click() result: null
&amp#27;[38;5;0m[HTTP]&amp#27;[0m &amp#27;[37m<-- POST /session/632147ce-e1be-4fa6-a1d2-7d3a53bf8ff7/element/00000000-0000-002f-ffff-ffff00000032/click &amp#27;[39m&amp#27;[32m200&amp#27;[39m &amp#27;[90m687 ms - 14&amp#27;[39m
&amp#27;[38;5;0m[HTTP]&amp#27;[0m &amp#27;[90m&amp#27;[39m
&amp#27;[38;5;0m[HTTP]&amp#27;[0m &amp#27;[37m-->&amp#27;[39m &amp#27;[37mGET&amp#27;[39m &amp#27;[37m/session/632147ce-e1be-4fa6-a1d2-7d3a53bf8ff7/context&amp#27;[39m
&amp#27;[38;5;0m[HTTP]&amp#27;[0m &amp#27;[90m{}&amp#27;[39m
[debug] &amp#27;[38;5;32m[AndroidUiautomator2Driver@ea86 (632147ce)]&amp#27;[0m Calling AppiumDriver.getCurrentContext() with args: ["632147ce-e1be-4fa6-a1d2-7d3a53bf8ff7"]
[debug] &amp#27;[38;5;32m[AndroidUiautomator2Driver@ea86 (632147ce)]&amp#27;[0m Responding to client with driver.getCurrentContext() result: "NATIVE_APP"
&amp#27;[38;5;0m[HTTP]&amp#27;[0m &amp#27;[37m<-- GET /session/632147ce-e1be-4fa6-a1d2-7d3a53bf8ff7/context &amp#27;[39m&amp#27;[32m200&amp#27;[39m &amp#27;[90m1 ms - 22&amp#27;[39m
&amp#27;[38;5;0m[HTTP]&amp#27;[0m &amp#27;[90m&amp#27;[39m
&amp#27;[38;5;0m[HTTP]&amp#27;[0m &amp#27;[37m-->&amp#27;[39m &amp#27;[37mPOST&amp#27;[39m &amp#27;[37m/session/632147ce-e1be-4fa6-a1d2-7d3a53bf8ff7/element&amp#27;[39m
&amp#27;[38;5;0m[HTTP]&amp#27;[0m &amp#27;[90m{"using":"id","value":"com.androidsample.generalstore:id/btnLetsShop"}&amp#27;[39m
[debug] &amp#27;[38;5;32m[AndroidUiautomator2Driver@ea86 (632147ce)]&amp#27;[0m Calling AppiumDriver.findElement() with args: ["id","com.androidsample.generalstore:id/btnLetsShop","632147ce-e1be-4fa6-a1d2-7d3a53bf8ff7"]
[debug] &amp#27;[38;5;32m[AndroidUiautomator2Driver@ea86 (632147ce)]&amp#27;[0m Valid locator strategies for this request: xpath, id, class name, accessibility id, css selector, -android uiautomator
[debug] &amp#27;[38;5;32m[AndroidUiautomator2Driver@ea86 (632147ce)]&amp#27;[0m Waiting up to 10000 ms for condition
[debug] &amp#27;[38;5;32m[AndroidUiautomator2Driver@ea86 (632147ce)]&amp#27;[0m Matched '/element' to command name 'findElement'
[debug] &amp#27;[38;5;32m[AndroidUiautomator2Driver@ea86 (632147ce)]&amp#27;[0m Proxying [POST /element] to [POST http://127.0.0.1:8200/session/5db57b0f-15b7-4d58-9d8a-4e282cc38511/element] with body: {"strategy":"id","selector":"com.androidsample.generalstore:id/btnLetsShop","context":"","multiple":false}
[debug] &amp#27;[38;5;32m[AndroidUiautomator2Driver@ea86 (632147ce)]&amp#27;[0m Got response with status 200: {"sessionId":"5db57b0f-15b7-4d58-9d8a-4e282cc38511","value":{"ELEMENT":"00000000-0000-002e-ffff-ffff00000021","element-6066-11e4-a52e-4f735466cecf":"00000000-0000-002e-ffff-ffff00000021"}}
[debug] &amp#27;[38;5;32m[AndroidUiautomator2Driver@ea86 (632147ce)]&amp#27;[0m Responding to client with driver.findElement() result: {"element-6066-11e4-a52e-4f735466cecf":"00000000-0000-002e-ffff-ffff00000021","ELEMENT":"00000000-0000-002e-ffff-ffff00000021"}
&amp#27;[38;5;0m[HTTP]&amp#27;[0m &amp#27;[37m<-- POST /session/632147ce-e1be-4fa6-a1d2-7d3a53bf8ff7/element &amp#27;[39m&amp#27;[32m200&amp#27;[39m &amp#27;[90m103 ms - 137&amp#27;[39m
&amp#27;[38;5;0m[HTTP]&amp#27;[0m &amp#27;[90m&amp#27;[39m
&amp#27;[38;5;0m[HTTP]&amp#27;[0m &amp#27;[37m-->&amp#27;[39m &amp#27;[37mPOST&amp#27;[39m &amp#27;[37m/session/632147ce-e1be-4fa6-a1d2-7d3a53bf8ff7/element/00000000-0000-002e-ffff-ffff00000021/click&amp#27;[39m
&amp#27;[38;5;0m[HTTP]&amp#27;[0m &amp#27;[90m{"id":"00000000-0000-002e-ffff-ffff00000021"}&amp#27;[39m
[debug] &amp#27;[38;5;32m[AndroidUiautomator2Driver@ea86 (632147ce)]&amp#27;[0m Calling AppiumDriver.click() with args: ["00000000-0000-002e-ffff-ffff00000021","632147ce-e1be-4fa6-a1d2-7d3a53bf8ff7"]
[debug] &amp#27;[38;5;32m[AndroidUiautomator2Driver@ea86 (632147ce)]&amp#27;[0m Matched '/element/00000000-0000-002e-ffff-ffff00000021/click' to command name 'click'
[debug] &amp#27;[38;5;32m[AndroidUiautomator2Driver@ea86 (632147ce)]&amp#27;[0m Proxying [POST /element/00000000-0000-002e-ffff-ffff00000021/click] to [POST http://127.0.0.1:8200/session/5db57b0f-15b7-4d58-9d8a-4e282cc38511/element/00000000-0000-002e-ffff-ffff00000021/click] with body: {"element":"00000000-0000-002e-ffff-ffff00000021"}
[debug] &amp#27;[38;5;32m[AndroidUiautomator2Driver@ea86 (632147ce)]&amp#27;[0m Got response with status 200: {"sessionId":"5db57b0f-15b7-4d58-9d8a-4e282cc38511","value":null}
[debug] &amp#27;[38;5;32m[AndroidUiautomator2Driver@ea86 (632147ce)]&amp#27;[0m Responding to client with driver.click() result: null
&amp#27;[38;5;0m[HTTP]&amp#27;[0m &amp#27;[37m<-- POST /session/632147ce-e1be-4fa6-a1d2-7d3a53bf8ff7/element/00000000-0000-002e-ffff-ffff00000021/click &amp#27;[39m&amp#27;[32m200&amp#27;[39m &amp#27;[90m61 ms - 14&amp#27;[39m
&amp#27;[38;5;0m[HTTP]&amp#27;[0m &amp#27;[90m&amp#27;[39m
&amp#27;[38;5;0m[HTTP]&amp#27;[0m &amp#27;[37m-->&amp#27;[39m &amp#27;[37mGET&amp#27;[39m &amp#27;[37m/session/632147ce-e1be-4fa6-a1d2-7d3a53bf8ff7/context&amp#27;[39m
&amp#27;[38;5;0m[HTTP]&amp#27;[0m &amp#27;[90m{}&amp#27;[39m
[debug] &amp#27;[38;5;32m[AndroidUiautomator2Driver@ea86 (632147ce)]&amp#27;[0m Calling AppiumDriver.getCurrentContext() with args: ["632147ce-e1be-4fa6-a1d2-7d3a53bf8ff7"]
[debug] &amp#27;[38;5;32m[AndroidUiautomator2Driver@ea86 (632147ce)]&amp#27;[0m Responding to client with driver.getCurrentContext() result: "NATIVE_APP"
&amp#27;[38;5;0m[HTTP]&amp#27;[0m &amp#27;[37m<-- GET /session/632147ce-e1be-4fa6-a1d2-7d3a53bf8ff7/context &amp#27;[39m&amp#27;[32m200&amp#27;[39m &amp#27;[90m1 ms - 22&amp#27;[39m
&amp#27;[38;5;0m[HTTP]&amp#27;[0m &amp#27;[90m&amp#27;[39m
&amp#27;[38;5;0m[HTTP]&amp#27;[0m &amp#27;[37m-->&amp#27;[39m &amp#27;[37mPOST&amp#27;[39m &amp#27;[37m/session/632147ce-e1be-4fa6-a1d2-7d3a53bf8ff7/elements&amp#27;[39m
&amp#27;[38;5;0m[HTTP]&amp#27;[0m &amp#27;[90m{"using":"xpath","value":"//android.widget.TextView[@text=\"ADD TO CART\"]"}&amp#27;[39m
[debug] &amp#27;[38;5;32m[AndroidUiautomator2Driver@ea86 (632147ce)]&amp#27;[0m Calling AppiumDriver.findElements() with args: ["xpath","//android.widget.TextView[@text=\"ADD TO CART\"]","632147ce-e1be-4fa6-a1d2-7d3a53bf8ff7"]
[debug] &amp#27;[38;5;32m[AndroidUiautomator2Driver@ea86 (632147ce)]&amp#27;[0m Valid locator strategies for this request: xpath, id, class name, accessibility id, css selector, -android uiautomator
[debug] &amp#27;[38;5;32m[AndroidUiautomator2Driver@ea86 (632147ce)]&amp#27;[0m Waiting up to 10000 ms for condition
[debug] &amp#27;[38;5;32m[AndroidUiautomator2Driver@ea86 (632147ce)]&amp#27;[0m Matched '/elements' to command name 'findElements'
[debug] &amp#27;[38;5;32m[AndroidUiautomator2Driver@ea86 (632147ce)]&amp#27;[0m Proxying [POST /elements] to [POST http://127.0.0.1:8200/session/5db57b0f-15b7-4d58-9d8a-4e282cc38511/elements] with body: {"strategy":"xpath","selector":"//android.widget.TextView[@text=\"ADD TO CART\"]","context":"","multiple":true}
[debug] &amp#27;[38;5;32m[AndroidUiautomator2Driver@ea86 (632147ce)]&amp#27;[0m Got response with status 200: {"sessionId":"5db57b0f-15b7-4d58-9d8a-4e282cc38511","value":[]}
[debug] &amp#27;[38;5;32m[AndroidUiautomator2Driver@ea86 (632147ce)]&amp#27;[0m Waited for 424 ms so far
[debug] &amp#27;[38;5;32m[AndroidUiautomator2Driver@ea86 (632147ce)]&amp#27;[0m Matched '/elements' to command name 'findElements'
[debug] &amp#27;[38;5;32m[AndroidUiautomator2Driver@ea86 (632147ce)]&amp#27;[0m Proxying [POST /elements] to [POST http://127.0.0.1:8200/session/5db57b0f-15b7-4d58-9d8a-4e282cc38511/elements] with body: {"strategy":"xpath","selector":"//android.widget.TextView[@text=\"ADD TO CART\"]","context":"","multiple":true}
[debug] &amp#27;[38;5;32m[AndroidUiautomator2Driver@ea86 (632147ce)]&amp#27;[0m Got response with status 200: {"sessionId":"5db57b0f-15b7-4d58-9d8a-4e282cc38511","value":[{"ELEMENT":"00000000-0000-0030-ffff-ffff00000051","element-6066-11e4-a52e-4f735466cecf":"00000000-0000-0030-ffff-ffff00000051"},{"ELEMENT":"00000000-0000-0030-ffff-ffff00000059","element-6066-11e4-a52e-4f735466cecf":"00000000-0000-0030-ffff-ffff00000059"}]}
[debug] &amp#27;[38;5;32m[AndroidUiautomator2Driver@ea86 (632147ce)]&amp#27;[0m Responding to client with driver.findElements() result: [{"element-6066-11e4-a52e-4f735466cecf":"00000000-0000-0030-ffff-ffff00000051","ELEMENT":"00000000-0000-0030-ffff-ffff00000051"},{"element-6066-11e4-a52e-4f735466cecf":"00000000-0000-0030-ffff-ffff00000059","ELEMENT":"00000000-0000-0030-ffff-ffff00000059"}]
&amp#27;[38;5;0m[HTTP]&amp#27;[0m &amp#27;[37m<-- POST /session/632147ce-e1be-4fa6-a1d2-7d3a53bf8ff7/elements &amp#27;[39m&amp#27;[32m200&amp#27;[39m &amp#27;[90m1029 ms - 267&amp#27;[39m
&amp#27;[38;5;0m[HTTP]&amp#27;[0m &amp#27;[90m&amp#27;[39m
&amp#27;[38;5;0m[HTTP]&amp#27;[0m &amp#27;[37m-->&amp#27;[39m &amp#27;[37mPOST&amp#27;[39m &amp#27;[37m/session/632147ce-e1be-4fa6-a1d2-7d3a53bf8ff7/element/00000000-0000-0030-ffff-ffff00000051/click&amp#27;[39m
&amp#27;[38;5;0m[HTTP]&amp#27;[0m &amp#27;[90m{"id":"00000000-0000-0030-ffff-ffff00000051"}&amp#27;[39m
[debug] &amp#27;[38;5;32m[AndroidUiautomator2Driver@ea86 (632147ce)]&amp#27;[0m Calling AppiumDriver.click() with args: ["00000000-0000-0030-ffff-ffff00000051","632147ce-e1be-4fa6-a1d2-7d3a53bf8ff7"]
[debug] &amp#27;[38;5;32m[AndroidUiautomator2Driver@ea86 (632147ce)]&amp#27;[0m Matched '/element/00000000-0000-0030-ffff-ffff00000051/click' to command name 'click'
[debug] &amp#27;[38;5;32m[AndroidUiautomator2Driver@ea86 (632147ce)]&amp#27;[0m Proxying [POST /element/00000000-0000-0030-ffff-ffff00000051/click] to [POST http://127.0.0.1:8200/session/5db57b0f-15b7-4d58-9d8a-4e282cc38511/element/00000000-0000-0030-ffff-ffff00000051/click] with body: {"element":"00000000-0000-0030-ffff-ffff00000051"}
[debug] &amp#27;[38;5;32m[AndroidUiautomator2Driver@ea86 (632147ce)]&amp#27;[0m Got response with status 200: {"sessionId":"5db57b0f-15b7-4d58-9d8a-4e282cc38511","value":null}
[debug] &amp#27;[38;5;32m[AndroidUiautomator2Driver@ea86 (632147ce)]&amp#27;[0m Responding to client with driver.click() result: null
&amp#27;[38;5;0m[HTTP]&amp#27;[0m &amp#27;[37m<-- POST /session/632147ce-e1be-4fa6-a1d2-7d3a53bf8ff7/element/00000000-0000-0030-ffff-ffff00000051/click &amp#27;[39m&amp#27;[32m200&amp#27;[39m &amp#27;[90m541 ms - 14&amp#27;[39m
&amp#27;[38;5;0m[HTTP]&amp#27;[0m &amp#27;[90m&amp#27;[39m
&amp#27;[38;5;0m[HTTP]&amp#27;[0m &amp#27;[37m-->&amp#27;[39m &amp#27;[37mGET&amp#27;[39m &amp#27;[37m/session/632147ce-e1be-4fa6-a1d2-7d3a53bf8ff7/context&amp#27;[39m
&amp#27;[38;5;0m[HTTP]&amp#27;[0m &amp#27;[90m{}&amp#27;[39m
[debug] &amp#27;[38;5;32m[AndroidUiautomator2Driver@ea86 (632147ce)]&amp#27;[0m Calling AppiumDriver.getCurrentContext() with args: ["632147ce-e1be-4fa6-a1d2-7d3a53bf8ff7"]
[debug] &amp#27;[38;5;32m[AndroidUiautomator2Driver@ea86 (632147ce)]&amp#27;[0m Responding to client with driver.getCurrentContext() result: "NATIVE_APP"
&amp#27;[38;5;0m[HTTP]&amp#27;[0m &amp#27;[37m<-- GET /session/632147ce-e1be-4fa6-a1d2-7d3a53bf8ff7/context &amp#27;[39m&amp#27;[32m200&amp#27;[39m &amp#27;[90m1 ms - 22&amp#27;[39m
&amp#27;[38;5;0m[HTTP]&amp#27;[0m &amp#27;[90m&amp#27;[39m
&amp#27;[38;5;0m[HTTP]&amp#27;[0m &amp#27;[37m-->&amp#27;[39m &amp#27;[37mPOST&amp#27;[39m &amp#27;[37m/session/632147ce-e1be-4fa6-a1d2-7d3a53bf8ff7/elements&amp#27;[39m
&amp#27;[38;5;0m[HTTP]&amp#27;[0m &amp#27;[90m{"using":"xpath","value":"//android.widget.TextView[@text=\"ADD TO CART\"]"}&amp#27;[39m
[debug] &amp#27;[38;5;32m[AndroidUiautomator2Driver@ea86 (632147ce)]&amp#27;[0m Calling AppiumDriver.findElements() with args: ["xpath","//android.widget.TextView[@text=\"ADD TO CART\"]","632147ce-e1be-4fa6-a1d2-7d3a53bf8ff7"]
[debug] &amp#27;[38;5;32m[AndroidUiautomator2Driver@ea86 (632147ce)]&amp#27;[0m Valid locator strategies for this request: xpath, id, class name, accessibility id, css selector, -android uiautomator
[debug] &amp#27;[38;5;32m[AndroidUiautomator2Driver@ea86 (632147ce)]&amp#27;[0m Waiting up to 10000 ms for condition
[debug] &amp#27;[38;5;32m[AndroidUiautomator2Driver@ea86 (632147ce)]&amp#27;[0m Matched '/elements' to command name 'findElements'
[debug] &amp#27;[38;5;32m[AndroidUiautomator2Driver@ea86 (632147ce)]&amp#27;[0m Proxying [POST /elements] to [POST http://127.0.0.1:8200/session/5db57b0f-15b7-4d58-9d8a-4e282cc38511/elements] with body: {"strategy":"xpath","selector":"//android.widget.TextView[@text=\"ADD TO CART\"]","context":"","multiple":true}
[debug] &amp#27;[38;5;32m[AndroidUiautomator2Driver@ea86 (632147ce)]&amp#27;[0m Got response with status 200: {"sessionId":"5db57b0f-15b7-4d58-9d8a-4e282cc38511","value":[{"ELEMENT":"00000000-0000-0030-ffff-ffff00000059","element-6066-11e4-a52e-4f735466cecf":"00000000-0000-0030-ffff-ffff00000059"}]}
[debug] &amp#27;[38;5;32m[AndroidUiautomator2Driver@ea86 (632147ce)]&amp#27;[0m Responding to client with driver.findElements() result: [{"element-6066-11e4-a52e-4f735466cecf":"00000000-0000-0030-ffff-ffff00000059","ELEMENT":"00000000-0000-0030-ffff-ffff00000059"}]
&amp#27;[38;5;0m[HTTP]&amp#27;[0m &amp#27;[37m<-- POST /session/632147ce-e1be-4fa6-a1d2-7d3a53bf8ff7/elements &amp#27;[39m&amp#27;[32m200&amp#27;[39m &amp#27;[90m60 ms - 139&amp#27;[39m
&amp#27;[38;5;0m[HTTP]&amp#27;[0m &amp#27;[90m&amp#27;[39m
&amp#27;[38;5;0m[HTTP]&amp#27;[0m &amp#27;[37m-->&amp#27;[39m &amp#27;[37mPOST&amp#27;[39m &amp#27;[37m/session/632147ce-e1be-4fa6-a1d2-7d3a53bf8ff7/element/00000000-0000-0030-ffff-ffff00000059/click&amp#27;[39m
&amp#27;[38;5;0m[HTTP]&amp#27;[0m &amp#27;[90m{"id":"00000000-0000-0030-ffff-ffff00000059"}&amp#27;[39m
[debug] &amp#27;[38;5;32m[AndroidUiautomator2Driver@ea86 (632147ce)]&amp#27;[0m Calling AppiumDriver.click() with args: ["00000000-0000-0030-ffff-ffff00000059","632147ce-e1be-4fa6-a1d2-7d3a53bf8ff7"]
[debug] &amp#27;[38;5;32m[AndroidUiautomator2Driver@ea86 (632147ce)]&amp#27;[0m Matched '/element/00000000-0000-0030-ffff-ffff00000059/click' to command name 'click'
[debug] &amp#27;[38;5;32m[AndroidUiautomator2Driver@ea86 (632147ce)]&amp#27;[0m Proxying [POST /element/00000000-0000-0030-ffff-ffff00000059/click] to [POST http://127.0.0.1:8200/session/5db57b0f-15b7-4d58-9d8a-4e282cc38511/element/00000000-0000-0030-ffff-ffff00000059/click] with body: {"element":"00000000-0000-0030-ffff-ffff00000059"}
[debug] &amp#27;[38;5;32m[AndroidUiautomator2Driver@ea86 (632147ce)]&amp#27;[0m Got response with status 200: {"sessionId":"5db57b0f-15b7-4d58-9d8a-4e282cc38511","value":null}
[debug] &amp#27;[38;5;32m[AndroidUiautomator2Driver@ea86 (632147ce)]&amp#27;[0m Responding to client with driver.click() result: null
&amp#27;[38;5;0m[HTTP]&amp#27;[0m &amp#27;[37m<-- POST /session/632147ce-e1be-4fa6-a1d2-7d3a53bf8ff7/element/00000000-0000-0030-ffff-ffff00000059/click &amp#27;[39m&amp#27;[32m200&amp#27;[39m &amp#27;[90m48 ms - 14&amp#27;[39m
&amp#27;[38;5;0m[HTTP]&amp#27;[0m &amp#27;[90m&amp#27;[39m
&amp#27;[38;5;0m[HTTP]&amp#27;[0m &amp#27;[37m-->&amp#27;[39m &amp#27;[37mGET&amp#27;[39m &amp#27;[37m/session/632147ce-e1be-4fa6-a1d2-7d3a53bf8ff7/context&amp#27;[39m
&amp#27;[38;5;0m[HTTP]&amp#27;[0m &amp#27;[90m{}&amp#27;[39m
[debug] &amp#27;[38;5;32m[AndroidUiautomator2Driver@ea86 (632147ce)]&amp#27;[0m Calling AppiumDriver.getCurrentContext() with args: ["632147ce-e1be-4fa6-a1d2-7d3a53bf8ff7"]
[debug] &amp#27;[38;5;32m[AndroidUiautomator2Driver@ea86 (632147ce)]&amp#27;[0m Responding to client with driver.getCurrentContext() result: "NATIVE_APP"
[...]
&amp#27;[38;5;0m[HTTP]&amp#27;[0m &amp#27;[37m-->&amp#27;[39m &amp#27;[37mPOST&amp#27;[39m &amp#27;[37m/session/c875caaa-cb68-4d05-b547-fe452c956588/element/00000000-0000-004a-ffff-ffff00000032/click&amp#27;[39m
&amp#27;[38;5;0m[HTTP]&amp#27;[0m &amp#27;[90m{"id":"00000000-0000-004a-ffff-ffff00000032"}&amp#27;[39m
[debug] &amp#27;[38;5;32m[AndroidUiautomator2Driver@c44c (c875caaa)]&amp#27;[0m Calling AppiumDriver.click() with args: ["00000000-0000-004a-ffff-ffff00000032","c875caaa-cb68-4d05-b547-fe452c956588"]
[debug] &amp#27;[38;5;32m[AndroidUiautomator2Driver@c44c (c875caaa)]&amp#27;[0m Matched '/element/00000000-0000-004a-ffff-ffff00000032/click' to command name 'click'
[debug] &amp#27;[38;5;32m[AndroidUiautomator2Driver@c44c (c875caaa)]&amp#27;[0m Proxying [POST /element/00000000-0000-004a-ffff-ffff00000032/click] to [POST http://127.0.0.1:8200/session/c33f3e5b-d9e3-4478-8383-a8c37564cbec/element/00000000-0000-004a-ffff-ffff00000032/click] with body: {"element":"00000000-0000-004a-ffff-ffff00000032"}
[debug] &amp#27;[38;5;32m[AndroidUiautomator2Driver@c44c (c875caaa)]&amp#27;[0m Got response with status 200: {"sessionId":"c33f3e5b-d9e3-4478-8383-a8c37564cbec","value":null}
[debug] &amp#27;[38;5;32m[AndroidUiautomator2Driver@c44c (c875caaa)]&amp#27;[0m Responding to client with driver.click() result: null
&amp#27;[38;5;0m[HTTP]&amp#27;[0m &amp#27;[37m<-- POST /session/c875caaa-cb68-4d05-b547-fe452c956588/element/00000000-0000-004a-ffff-ffff00000032/click &amp#27;[39m&amp#27;[32m200&amp#27;[39m &amp#27;[90m686 ms - 14&amp#27;[39m
&amp#27;[38;5;0m[HTTP]&amp#27;[0m &amp#27;[90m&amp#27;[39m
&amp#27;[38;5;0m[HTTP]&amp#27;[0m &amp#27;[37m-->&amp#27;[39m &amp#27;[37mPOST&amp#27;[39m &amp#27;[37m/session/c875caaa-cb68-4d05-b547-fe452c956588/element&amp#27;[39m
&amp#27;[38;5;0m[HTTP]&amp#27;[0m &amp#27;[90m{"using":"id","value":"com.androidsample.generalstore:id/btnLetsShop"}&amp#27;[39m
[debug] &amp#27;[38;5;32m[AndroidUiautomator2Driver@c44c (c875caaa)]&amp#27;[0m Calling AppiumDriver.findElement() with args: ["id","com.androidsample.generalstore:id/btnLetsShop","c875caaa-cb68-4d05-b547-fe452c956588"]
[debug] &amp#27;[38;5;32m[AndroidUiautomator2Driver@c44c (c875caaa)]&amp#27;[0m Valid locator strategies for this request: xpath, id, class name, accessibility id, css selector, -android uiautomator
[debug] &amp#27;[38;5;32m[AndroidUiautomator2Driver@c44c (c875caaa)]&amp#27;[0m Waiting up to 10000 ms for condition
[debug] &amp#27;[38;5;32m[AndroidUiautomator2Driver@c44c (c875caaa)]&amp#27;[0m Matched '/element' to command name 'findElement'
[debug] &amp#27;[38;5;32m[AndroidUiautomator2Driver@c44c (c875caaa)]&amp#27;[0m Proxying [POST /element] to [POST http://127.0.0.1:8200/session/c33f3e5b-d9e3-4478-8383-a8c37564cbec/element] with body: {"strategy":"id","selector":"com.androidsample.generalstore:id/btnLetsShop","context":"","multiple":false}
[debug] &amp#27;[38;5;32m[AndroidUiautomator2Driver@c44c (c875caaa)]&amp#27;[0m Got response with status 200: {"sessionId":"c33f3e5b-d9e3-4478-8383-a8c37564cbec","value":{"ELEMENT":"00000000-0000-0049-ffff-ffff00000021","element-6066-11e4-a52e-4f735466cecf":"00000000-0000-0049-ffff-ffff00000021"}}
[debug] &amp#27;[38;5;32m[AndroidUiautomator2Driver@c44c (c875caaa)]&amp#27;[0m Responding to client with driver.findElement() result: {"element-6066-11e4-a52e-4f735466cecf":"00000000-0000-0049-ffff-ffff00000021","ELEMENT":"00000000-0000-0049-ffff-ffff00000021"}
&amp#27;[38;5;0m[HTTP]&amp#27;[0m &amp#27;[37m<-- POST /session/c875caaa-cb68-4d05-b547-fe452c956588/element &amp#27;[39m&amp#27;[32m200&amp#27;[39m &amp#27;[90m18 ms - 137&amp#27;[39m
&amp#27;[38;5;0m[HTTP]&amp#27;[0m &amp#27;[90m&amp#27;[39m
&amp#27;[38;5;0m[HTTP]&amp#27;[0m &amp#27;[37m-->&amp#27;[39m &amp#27;[37mPOST&amp#27;[39m &amp#27;[37m/session/c875caaa-cb68-4d05-b547-fe452c956588/element/00000000-0000-0049-ffff-ffff00000021/click&amp#27;[39m
&amp#27;[38;5;0m[HTTP]&amp#27;[0m &amp#27;[90m{"id":"00000000-0000-0049-ffff-ffff00000021"}&amp#27;[39m
[debug] &amp#27;[38;5;32m[AndroidUiautomator2Driver@c44c (c875caaa)]&amp#27;[0m Calling AppiumDriver.click() with args: ["00000000-0000-0049-ffff-ffff00000021","c875caaa-cb68-4d05-b547-fe452c956588"]
[debug] &amp#27;[38;5;32m[AndroidUiautomator2Driver@c44c (c875caaa)]&amp#27;[0m Matched '/element/00000000-0000-0049-ffff-ffff00000021/click' to command name 'click'
[debug] &amp#27;[38;5;32m[AndroidUiautomator2Driver@c44c (c875caaa)]&amp#27;[0m Proxying [POST /element/00000000-0000-0049-ffff-ffff00000021/click] to [POST http://127.0.0.1:8200/session/c33f3e5b-d9e3-4478-8383-a8c37564cbec/element/00000000-0000-0049-ffff-ffff00000021/click] with body: {"element":"00000000-0000-0049-ffff-ffff00000021"}
[debug] &amp#27;[38;5;32m[AndroidUiautomator2Driver@c44c (c875caaa)]&amp#27;[0m Got response with status 200: {"sessionId":"c33f3e5b-d9e3-4478-8383-a8c37564cbec","value":null}
[debug] &amp#27;[38;5;32m[AndroidUiautomator2Driver@c44c (c875caaa)]&amp#27;[0m Responding to client with driver.click() result: null
&amp#27;[38;5;0m[HTTP]&amp#27;[0m &amp#27;[37m<-- POST /session/c875caaa-cb68-4d05-b547-fe452c956588/element/00000000-0000-0049-ffff-ffff00000021/click &amp#27;[39m&amp#27;[32m200&amp#27;[39m &amp#27;[90m43 ms - 14&amp#27;[39m
&amp#27;[38;5;0m[HTTP]&amp#27;[0m &amp#27;[90m&amp#27;[39m
&amp#27;[38;5;0m[HTTP]&amp#27;[0m &amp#27;[37m-->&amp#27;[39m &amp#27;[37mPOST&amp#27;[39m &amp#27;[37m/session/c875caaa-cb68-4d05-b547-fe452c956588/elements&amp#27;[39m
&amp#27;[38;5;0m[HTTP]&amp#27;[0m &amp#27;[90m{"using":"xpath","value":"(//android.widget.Toast)[1]"}&amp#27;[39m
[debug] &amp#27;[38;5;32m[AndroidUiautomator2Driver@c44c (c875caaa)]&amp#27;[0m Calling AppiumDriver.findElements() with args: ["xpath","(//android.widget.Toast)[1]","c875caaa-cb68-4d05-b547-fe452c956588"]
[debug] &amp#27;[38;5;32m[AndroidUiautomator2Driver@c44c (c875caaa)]&amp#27;[0m Valid locator strategies for this request: xpath, id, class name, accessibility id, css selector, -android uiautomator
[debug] &amp#27;[38;5;32m[AndroidUiautomator2Driver@c44c (c875caaa)]&amp#27;[0m Waiting up to 10000 ms for condition
[debug] &amp#27;[38;5;32m[AndroidUiautomator2Driver@c44c (c875caaa)]&amp#27;[0m Matched '/elements' to command name 'findElements'
[debug] &amp#27;[38;5;32m[AndroidUiautomator2Driver@c44c (c875caaa)]&amp#27;[0m Proxying [POST /elements] to [POST http://127.0.0.1:8200/session/c33f3e5b-d9e3-4478-8383-a8c37564cbec/elements] with body: {"strategy":"xpath","selector":"(//android.widget.Toast)[1]","context":"","multiple":true}
[debug] &amp#27;[38;5;32m[AndroidUiautomator2Driver@c44c (c875caaa)]&amp#27;[0m Got response with status 200: {"sessionId":"c33f3e5b-d9e3-4478-8383-a8c37564cbec","value":[]}
[debug] &amp#27;[38;5;32m[AndroidUiautomator2Driver@c44c (c875caaa)]&amp#27;[0m Waited for 121 ms so far
[debug] &amp#27;[38;5;32m[AndroidUiautomator2Driver@c44c (c875caaa)]&amp#27;[0m Matched '/elements' to command name 'findElements'
[debug] &amp#27;[38;5;32m[AndroidUiautomator2Driver@c44c (c875caaa)]&amp#27;[0m Proxying [POST /elements] to [POST http://127.0.0.1:8200/session/c33f3e5b-d9e3-4478-8383-a8c37564cbec/elements] with body: {"strategy":"xpath","selector":"(//android.widget.Toast)[1]","context":"","multiple":true}
[debug] &amp#27;[38;5;32m[AndroidUiautomator2Driver@c44c (c875caaa)]&amp#27;[0m Got response with status 200: {"sessionId":"c33f3e5b-d9e3-4478-8383-a8c37564cbec","value":[]}
[debug] &amp#27;[38;5;32m[AndroidUiautomator2Driver@c44c (c875caaa)]&amp#27;[0m Waited for 1031 ms so far
[debug] &amp#27;[38;5;32m[AndroidUiautomator2Driver@c44c (c875caaa)]&amp#27;[0m Matched '/elements' to command name 'findElements'
[debug] &amp#27;[38;5;32m[AndroidUiautomator2Driver@c44c (c875caaa)]&amp#27;[0m Proxying [POST /elements] to [POST http://127.0.0.1:8200/session/c33f3e5b-d9e3-4478-8383-a8c37564cbec/elements] with body: {"strategy":"xpath","selector":"(//android.widget.Toast)[1]","context":"","multiple":true}
[debug] &amp#27;[38;5;32m[AndroidUiautomator2Driver@c44c (c875caaa)]&amp#27;[0m Got response with status 200: {"sessionId":"c33f3e5b-d9e3-4478-8383-a8c37564cbec","value":[]}
[debug] &amp#27;[38;5;32m[AndroidUiautomator2Driver@c44c (c875caaa)]&amp#27;[0m Waited for 1583 ms so far
[debug] &amp#27;[38;5;32m[AndroidUiautomator2Driver@c44c (c875caaa)]&amp#27;[0m Matched '/elements' to command name 'findElements'
[debug] &amp#27;[38;5;32m[AndroidUiautomator2Driver@c44c (c875caaa)]&amp#27;[0m Proxying [POST /elements] to [POST http://127.0.0.1:8200/session/c33f3e5b-d9e3-4478-8383-a8c37564cbec/elements] with body: {"strategy":"xpath","selector":"(//android.widget.Toast)[1]","context":"","multiple":true}
[debug] &amp#27;[38;5;32m[AndroidUiautomator2Driver@c44c (c875caaa)]&amp#27;[0m Got response with status 200: {"sessionId":"c33f3e5b-d9e3-4478-8383-a8c37564cbec","value":[]}
[debug] &amp#27;[38;5;32m[AndroidUiautomator2Driver@c44c (c875caaa)]&amp#27;[0m Waited for 2130 ms so far
[debug] &amp#27;[38;5;32m[AndroidUiautomator2Driver@c44c (c875caaa)]&amp#27;[0m Matched '/elements' to command name 'findElements'
[debug] &amp#27;[38;5;32m[AndroidUiautomator2Driver@c44c (c875caaa)]&amp#27;[0m Proxying [POST /elements] to [POST http://127.0.0.1:8200/session/c33f3e5b-d9e3-4478-8383-a8c37564cbec/elements] with body: {"strategy":"xpath","selector":"(//android.widget.Toast)[1]","context":"","multiple":true}
[debug] &amp#27;[38;5;32m[AndroidUiautomator2Driver@c44c (c875caaa)]&amp#27;[0m Got response with status 200: {"sessionId":"c33f3e5b-d9e3-4478-8383-a8c37564cbec","value":[]}
[debug] &amp#27;[38;5;32m[AndroidUiautomator2Driver@c44c (c875caaa)]&amp#27;[0m Waited for 2682 ms so far
[debug] &amp#27;[38;5;32m[AndroidUiautomator2Driver@c44c (c875caaa)]&amp#27;[0m Matched '/elements' to command name 'findElements'
[debug] &amp#27;[38;5;32m[AndroidUiautomator2Driver@c44c (c875caaa)]&amp#27;[0m Proxying [POST /elements] to [POST http://127.0.0.1:8200/session/c33f3e5b-d9e3-4478-8383-a8c37564cbec/elements] with body: {"strategy":"xpath","selector":"(//android.widget.Toast)[1]","context":"","multiple":true}
[debug] &amp#27;[38;5;32m[AndroidUiautomator2Driver@c44c (c875caaa)]&amp#27;[0m Got response with status 200: {"sessionId":"c33f3e5b-d9e3-4478-8383-a8c37564cbec","value":[]}
[debug] &amp#27;[38;5;32m[AndroidUiautomator2Driver@c44c (c875caaa)]&amp#27;[0m Waited for 3250 ms so far
[debug] &amp#27;[38;5;32m[AndroidUiautomator2Driver@c44c (c875caaa)]&amp#27;[0m Matched '/elements' to command name 'findElements'
[debug] &amp#27;[38;5;32m[AndroidUiautomator2Driver@c44c (c875caaa)]&amp#27;[0m Proxying [POST /elements] to [POST http://127.0.0.1:8200/session/c33f3e5b-d9e3-4478-8383-a8c37564cbec/elements] with body: {"strategy":"xpath","selector":"(//android.widget.Toast)[1]","context":"","multiple":true}
[debug] &amp#27;[38;5;32m[AndroidUiautomator2Driver@c44c (c875caaa)]&amp#27;[0m Got response with status 200: {"sessionId":"c33f3e5b-d9e3-4478-8383-a8c37564cbec","value":[]}
[debug] &amp#27;[38;5;32m[AndroidUiautomator2Driver@c44c (c875caaa)]&amp#27;[0m Waited for 3820 ms so far
[debug] &amp#27;[38;5;32m[AndroidUiautomator2Driver@c44c (c875caaa)]&amp#27;[0m Matched '/elements' to command name 'findElements'
[debug] &amp#27;[38;5;32m[AndroidUiautomator2Driver@c44c (c875caaa)]&amp#27;[0m Proxying [POST /elements] to [POST http://127.0.0.1:8200/session/c33f3e5b-d9e3-4478-8383-a8c37564cbec/elements] with body: {"strategy":"xpath","selector":"(//android.widget.Toast)[1]","context":"","multiple":true}
[debug] &amp#27;[38;5;32m[AndroidUiautomator2Driver@c44c (c875caaa)]&amp#27;[0m Got response with status 200: {"sessionId":"c33f3e5b-d9e3-4478-8383-a8c37564cbec","value":[]}
[debug] &amp#27;[38;5;32m[AndroidUiautomator2Driver@c44c (c875caaa)]&amp#27;[0m Waited for 4382 ms so far
[debug] &amp#27;[38;5;32m[AndroidUiautomator2Driver@c44c (c875caaa)]&amp#27;[0m Matched '/elements' to command name 'findElements'
[debug] &amp#27;[38;5;32m[AndroidUiautomator2Driver@c44c (c875caaa)]&amp#27;[0m Proxying [POST /elements] to [POST http://127.0.0.1:8200/session/c33f3e5b-d9e3-4478-8383-a8c37564cbec/elements] with body: {"strategy":"xpath","selector":"(//android.widget.Toast)[1]","context":"","multiple":true}
[debug] &amp#27;[38;5;32m[AndroidUiautomator2Driver@c44c (c875caaa)]&amp#27;[0m Got response with status 200: {"sessionId":"c33f3e5b-d9e3-4478-8383-a8c37564cbec","value":[]}
[debug] &amp#27;[38;5;32m[AndroidUiautomator2Driver@c44c (c875caaa)]&amp#27;[0m Waited for 4958 ms so far
[debug] &amp#27;[38;5;32m[AndroidUiautomator2Driver@c44c (c875caaa)]&amp#27;[0m Matched '/elements' to command name 'findElements'
[debug] &amp#27;[38;5;32m[AndroidUiautomator2Driver@c44c (c875caaa)]&amp#27;[0m Proxying [POST /elements] to [POST http://127.0.0.1:8200/session/c33f3e5b-d9e3-4478-8383-a8c37564cbec/elements] with body: {"strategy":"xpath","selector":"(//android.widget.Toast)[1]","context":"","multiple":true}
[debug] &amp#27;[38;5;32m[AndroidUiautomator2Driver@c44c (c875caaa)]&amp#27;[0m Got response with status 200: {"sessionId":"c33f3e5b-d9e3-4478-8383-a8c37564cbec","value":[]}
[debug] &amp#27;[38;5;32m[AndroidUiautomator2Driver@c44c (c875caaa)]&amp#27;[0m Waited for 5507 ms so far
[debug] &amp#27;[38;5;32m[AndroidUiautomator2Driver@c44c (c875caaa)]&amp#27;[0m Matched '/elements' to command name 'findElements'
[debug] &amp#27;[38;5;32m[AndroidUiautomator2Driver@c44c (c875caaa)]&amp#27;[0m Proxying [POST /elements] to [POST http://127.0.0.1:8200/session/c33f3e5b-d9e3-4478-8383-a8c37564cbec/elements] with body: {"strategy":"xpath","selector":"(//android.widget.Toast)[1]","context":"","multiple":true}
[debug] &amp#27;[38;5;32m[AndroidUiautomator2Driver@c44c (c875caaa)]&amp#27;[0m Got response with status 200: {"sessionId":"c33f3e5b-d9e3-4478-8383-a8c37564cbec","value":[]}
[debug] &amp#27;[38;5;32m[AndroidUiautomator2Driver@c44c (c875caaa)]&amp#27;[0m Waited for 6059 ms so far
[debug] &amp#27;[38;5;32m[AndroidUiautomator2Driver@c44c (c875caaa)]&amp#27;[0m Matched '/elements' to command name 'findElements'
[debug] &amp#27;[38;5;32m[AndroidUiautomator2Driver@c44c (c875caaa)]&amp#27;[0m Proxying [POST /elements] to [POST http://127.0.0.1:8200/session/c33f3e5b-d9e3-4478-8383-a8c37564cbec/elements] with body: {"strategy":"xpath","selector":"(//android.widget.Toast)[1]","context":"","multiple":true}
[debug] &amp#27;[38;5;32m[AndroidUiautomator2Driver@c44c (c875caaa)]&amp#27;[0m Got response with status 200: {"sessionId":"c33f3e5b-d9e3-4478-8383-a8c37564cbec","value":[]}
[debug] &amp#27;[38;5;32m[AndroidUiautomator2Driver@c44c (c875caaa)]&amp#27;[0m Waited for 6615 ms so far
[debug] &amp#27;[38;5;32m[AndroidUiautomator2Driver@c44c (c875caaa)]&amp#27;[0m Matched '/elements' to command name 'findElements'
[debug] &amp#27;[38;5;32m[AndroidUiautomator2Driver@c44c (c875caaa)]&amp#27;[0m Proxying [POST /elements] to [POST http://127.0.0.1:8200/session/c33f3e5b-d9e3-4478-8383-a8c37564cbec/elements] with body: {"strategy":"xpath","selector":"(//android.widget.Toast)[1]","context":"","multiple":true}
[debug] &amp#27;[38;5;32m[AndroidUiautomator2Driver@c44c (c875caaa)]&amp#27;[0m Got response with status 200: {"sessionId":"c33f3e5b-d9e3-4478-8383-a8c37564cbec","value":[]}
[debug] &amp#27;[38;5;32m[AndroidUiautomator2Driver@c44c (c875caaa)]&amp#27;[0m Waited for 7170 ms so far
[debug] &amp#27;[38;5;32m[AndroidUiautomator2Driver@c44c (c875caaa)]&amp#27;[0m Matched '/elements' to command name 'findElements'
[debug] &amp#27;[38;5;32m[AndroidUiautomator2Driver@c44c (c875caaa)]&amp#27;[0m Proxying [POST /elements] to [POST http://127.0.0.1:8200/session/c33f3e5b-d9e3-4478-8383-a8c37564cbec/elements] with body: {"strategy":"xpath","selector":"(//android.widget.Toast)[1]","context":"","multiple":true}
[debug] &amp#27;[38;5;32m[AndroidUiautomator2Driver@c44c (c875caaa)]&amp#27;[0m Got response with status 200: {"sessionId":"c33f3e5b-d9e3-4478-8383-a8c37564cbec","value":[]}
[debug] &amp#27;[38;5;32m[AndroidUiautomator2Driver@c44c (c875caaa)]&amp#27;[0m Waited for 7704 ms so far
[debug] &amp#27;[38;5;32m[AndroidUiautomator2Driver@c44c (c875caaa)]&amp#27;[0m Matched '/elements' to command name 'findElements'
[debug] &amp#27;[38;5;32m[AndroidUiautomator2Driver@c44c (c875caaa)]&amp#27;[0m Proxying [POST /elements] to [POST http://127.0.0.1:8200/session/c33f3e5b-d9e3-4478-8383-a8c37564cbec/elements] with body: {"strategy":"xpath","selector":"(//android.widget.Toast)[1]","context":"","multiple":true}
[debug] &amp#27;[38;5;32m[AndroidUiautomator2Driver@c44c (c875caaa)]&amp#27;[0m Got response with status 200: {"sessionId":"c33f3e5b-d9e3-4478-8383-a8c37564cbec","value":[]}
[debug] &amp#27;[38;5;32m[AndroidUiautomator2Driver@c44c (c875caaa)]&amp#27;[0m Waited for 8266 ms so far
[debug] &amp#27;[38;5;32m[AndroidUiautomator2Driver@c44c (c875caaa)]&amp#27;[0m Matched '/elements' to command name 'findElements'
[debug] &amp#27;[38;5;32m[AndroidUiautomator2Driver@c44c (c875caaa)]&amp#27;[0m Proxying [POST /elements] to [POST http://127.0.0.1:8200/session/c33f3e5b-d9e3-4478-8383-a8c37564cbec/elements] with body: {"strategy":"xpath","selector":"(//android.widget.Toast)[1]","context":"","multiple":true}
[debug] &amp#27;[38;5;32m[AndroidUiautomator2Driver@c44c (c875caaa)]&amp#27;[0m Got response with status 200: {"sessionId":"c33f3e5b-d9e3-4478-8383-a8c37564cbec","value":[]}
[debug] &amp#27;[38;5;32m[AndroidUiautomator2Driver@c44c (c875caaa)]&amp#27;[0m Waited for 8915 ms so far
[debug] &amp#27;[38;5;32m[AndroidUiautomator2Driver@c44c (c875caaa)]&amp#27;[0m Matched '/elements' to command name 'findElements'
[debug] &amp#27;[38;5;32m[AndroidUiautomator2Driver@c44c (c875caaa)]&amp#27;[0m Proxying [POST /elements] to [POST http://127.0.0.1:8200/session/c33f3e5b-d9e3-4478-8383-a8c37564cbec/elements] with body: {"strategy":"xpath","selector":"(//android.widget.Toast)[1]","context":"","multiple":true}
[debug] &amp#27;[38;5;32m[AndroidUiautomator2Driver@c44c (c875caaa)]&amp#27;[0m Got response with status 200: {"sessionId":"c33f3e5b-d9e3-4478-8383-a8c37564cbec","value":[]}
[debug] &amp#27;[38;5;32m[AndroidUiautomator2Driver@c44c (c875caaa)]&amp#27;[0m Waited for 9456 ms so far
[debug] &amp#27;[38;5;32m[AndroidUiautomator2Driver@c44c (c875caaa)]&amp#27;[0m Matched '/elements' to command name 'findElements'
[debug] &amp#27;[38;5;32m[AndroidUiautomator2Driver@c44c (c875caaa)]&amp#27;[0m Proxying [POST /elements] to [POST http://127.0.0.1:8200/session/c33f3e5b-d9e3-4478-8383-a8c37564cbec/elements] with body: {"strategy":"xpath","selector":"(//android.widget.Toast)[1]","context":"","multiple":true}
[debug] &amp#27;[38;5;32m[AndroidUiautomator2Driver@c44c (c875caaa)]&amp#27;[0m Got response with status 200: {"sessionId":"c33f3e5b-d9e3-4478-8383-a8c37564cbec","value":[]}
[debug] &amp#27;[38;5;32m[AndroidUiautomator2Driver@c44c (c875caaa)]&amp#27;[0m Waited for 9994 ms so far
[debug] &amp#27;[38;5;32m[AndroidUiautomator2Driver@c44c (c875caaa)]&amp#27;[0m Matched '/elements' to command name 'findElements'
[debug] &amp#27;[38;5;32m[AndroidUiautomator2Driver@c44c (c875caaa)]&amp#27;[0m Proxying [POST /elements] to [POST http://127.0.0.1:8200/session/c33f3e5b-d9e3-4478-8383-a8c37564cbec/elements] with body: {"strategy":"xpath","selector":"(//android.widget.Toast)[1]","context":"","multiple":true}
[debug] &amp#27;[38;5;32m[AndroidUiautomator2Driver@c44c (c875caaa)]&amp#27;[0m Got response with status 200: {"sessionId":"c33f3e5b-d9e3-4478-8383-a8c37564cbec","value":[]}
[debug] &amp#27;[38;5;32m[AndroidUiautomator2Driver@c44c (c875caaa)]&amp#27;[0m Responding to client with driver.findElements() result: []
&amp#27;[38;5;0m[HTTP]&amp#27;[0m &amp#27;[37m<-- POST /session/c875caaa-cb68-4d05-b547-fe452c956588/elements &amp#27;[39m&amp#27;[32m200&amp#27;[39m &amp#27;[90m10041 ms - 12&amp#27;[39m
&amp#27;[38;5;0m[HTTP]&amp#27;[0m &amp#27;[90m&amp#27;[39m
]]></system-out>
  </testcase>
</testsuite>