<?xml version="1.0" encoding="UTF-8"?>
<testng-results ignored="0" total="4" passed="4" failed="0" skipped="0">
  <reporter-output>
  </reporter-output>
  <suite started-at="2024-06-11T17:03:38 PKT" name="Suite" finished-at="2024-06-11T17:05:33 PKT" duration-ms="114570">
    <groups>
      <group name="Smoke">
        <method signature="eCommerce_tc_4_Hybrid.FillForm(java.util.HashMap)[pri:0, instance:org.MuhammadAhmad.eCommerce_tc_4_Hybrid@57ad2aa7]" name="FillForm" class="org.MuhammadAhmad.eCommerce_tc_4_Hybrid"/>
      </group> <!-- Smoke -->
    </groups>
    <test started-at="2024-06-11T17:03:38 PKT" name="End to End Framework Test" finished-at="2024-06-11T17:04:49 PKT" duration-ms="71101">
      <class name="org.MuhammadAhmad.eCommerce_tc_4_Hybrid">
        <test-method is-config="true" signature="ConfigureAppium()[pri:0, instance:org.MuhammadAhmad.eCommerce_tc_4_Hybrid@57ad2aa7]" started-at="2024-06-11T17:03:38 PKT" name="ConfigureAppium" finished-at="2024-06-11T17:03:51 PKT" duration-ms="13043" status="PASS">
          <reporter-output>
          </reporter-output>
        </test-method> <!-- ConfigureAppium -->
        <test-method is-config="true" signature="preSetup()[pri:0, instance:org.MuhammadAhmad.eCommerce_tc_4_Hybrid@57ad2aa7]" started-at="2024-06-11T17:03:51 PKT" name="preSetup" finished-at="2024-06-11T17:03:52 PKT" duration-ms="1064" status="PASS">
          <reporter-output>
          </reporter-output>
        </test-method> <!-- preSetup -->
        <test-method signature="FillForm(java.util.HashMap)[pri:0, instance:org.MuhammadAhmad.eCommerce_tc_4_Hybrid@57ad2aa7]" started-at="2024-06-11T17:03:52 PKT" name="FillForm" data-provider="getData" finished-at="2024-06-11T17:04:21 PKT" duration-ms="28333" status="PASS">
          <params>
            <param index="0">
              <value>
                <![CDATA[{name=Muhammad Ahmad, country=Argentina, gender=female}]]>
              </value>
            </param>
          </params>
          <reporter-output>
          </reporter-output>
        </test-method> <!-- FillForm -->
        <test-method is-config="true" signature="preSetup()[pri:0, instance:org.MuhammadAhmad.eCommerce_tc_4_Hybrid@57ad2aa7]" started-at="2024-06-11T17:04:21 PKT" name="preSetup" finished-at="2024-06-11T17:04:22 PKT" duration-ms="924" status="PASS">
          <reporter-output>
          </reporter-output>
        </test-method> <!-- preSetup -->
        <test-method signature="FillForm(java.util.HashMap)[pri:0, instance:org.MuhammadAhmad.eCommerce_tc_4_Hybrid@57ad2aa7]" started-at="2024-06-11T17:04:22 PKT" name="FillForm" data-provider="getData" finished-at="2024-06-11T17:04:49 PKT" duration-ms="27135" status="PASS">
          <params>
            <param index="0">
              <value>
                <![CDATA[{name=Muhammad, country=Argentina, gender=male}]]>
              </value>
            </param>
          </params>
          <reporter-output>
          </reporter-output>
        </test-method> <!-- FillForm -->
        <test-method is-config="true" signature="tearDown()[pri:0, instance:org.MuhammadAhmad.eCommerce_tc_4_Hybrid@57ad2aa7]" started-at="2024-06-11T17:04:49 PKT" name="tearDown" finished-at="2024-06-11T17:04:49 PKT" duration-ms="386" status="PASS">
          <reporter-output>
          </reporter-output>
        </test-method> <!-- tearDown -->
      </class> <!-- org.MuhammadAhmad.eCommerce_tc_4_Hybrid -->
    </test> <!-- End to End Framework Test -->
    <test started-at="2024-06-11T17:04:49 PKT" name="Error Validations Test" finished-at="2024-06-11T17:05:33 PKT" duration-ms="43195">
      <class name="org.MuhammadAhmad.eCommerce_tc_1">
        <test-method is-config="true" signature="ConfigureAppium()[pri:0, instance:org.MuhammadAhmad.eCommerce_tc_1@7e19ebf0]" started-at="2024-06-11T17:04:49 PKT" name="ConfigureAppium" finished-at="2024-06-11T17:05:00 PKT" duration-ms="10709" status="PASS">
          <reporter-output>
          </reporter-output>
        </test-method> <!-- ConfigureAppium -->
        <test-method is-config="true" signature="preSetup()[pri:0, instance:org.MuhammadAhmad.eCommerce_tc_1@7e19ebf0]" started-at="2024-06-11T17:05:00 PKT" name="preSetup" finished-at="2024-06-11T17:05:01 PKT" duration-ms="978" status="PASS">
          <reporter-output>
          </reporter-output>
        </test-method> <!-- preSetup -->
        <test-method signature="FillForm_ErrorValidation()[pri:0, instance:org.MuhammadAhmad.eCommerce_tc_1@7e19ebf0]" started-at="2024-06-11T17:05:01 PKT" name="FillForm_ErrorValidation" finished-at="2024-06-11T17:05:11 PKT" duration-ms="10115" status="PASS">
          <reporter-output>
          </reporter-output>
        </test-method> <!-- FillForm_ErrorValidation -->
        <test-method is-config="true" signature="preSetup()[pri:0, instance:org.MuhammadAhmad.eCommerce_tc_1@7e19ebf0]" started-at="2024-06-11T17:05:11 PKT" name="preSetup" finished-at="2024-06-11T17:05:12 PKT" duration-ms="1006" status="PASS">
          <reporter-output>
          </reporter-output>
        </test-method> <!-- preSetup -->
        <test-method signature="FillForm_PositiveFlow()[pri:0, instance:org.MuhammadAhmad.eCommerce_tc_1@7e19ebf0]" started-at="2024-06-11T17:05:12 PKT" name="FillForm_PositiveFlow" finished-at="2024-06-11T17:05:32 PKT" duration-ms="20043" status="PASS">
          <reporter-output>
          </reporter-output>
        </test-method> <!-- FillForm_PositiveFlow -->
        <test-method is-config="true" signature="tearDown()[pri:0, instance:org.MuhammadAhmad.eCommerce_tc_1@7e19ebf0]" started-at="2024-06-11T17:05:32 PKT" name="tearDown" finished-at="2024-06-11T17:05:33 PKT" duration-ms="342" status="PASS">
          <reporter-output>
          </reporter-output>
        </test-method> <!-- tearDown -->
      </class> <!-- org.MuhammadAhmad.eCommerce_tc_1 -->
    </test> <!-- Error Validations Test -->
  </suite> <!-- Suite -->
</testng-results>
